#
# A fatal error has been detected by the Java Runtime Environment:
#
#  SIGILL (0x4) at pc=0x0000faf4dfd3fc5c, pid=5495, tid=5496
#
# JRE version:  (21.0.6+7) (build )
# Java VM: OpenJDK 64-Bit Server VM (21.0.6+7-Ubuntu-124.04.1, mixed mode, sharing, tiered, compressed oops, compressed class ptrs, g1 gc, linux-aarch64)
# Problematic frame:
# j  java.lang.System.registerNatives()V+0 java.base
#
# Core dump will be written. Default location: Core dumps may be processed with "/usr/share/apport/apport -p%p -s%s -c%c -d%d -P%P -u%u -g%g -- %E" (or dumping to /home/pantelis/katanemimena2/core.5495)
#
# The crash happened outside the Java Virtual Machine in native code.
# See problematic frame for where to report the bug.
#

---------------  S U M M A R Y ------------

Command Line: -Dapplication.home=/usr/lib/jvm/java-21-openjdk-arm64 --add-modules=ALL-DEFAULT -Xms8m -Djdk.module.main=jdk.compiler jdk.compiler/com.sun.tools.javac.Main -version

Host: AArch64, 4 cores, 3G, Ubuntu 24.04.2 LTS
Time: Sun May  4 19:01:26 2025 UTC elapsed time: 0.040653 seconds (0d 0h 0m 0s)

---------------  T H R E A D  ---------------

Current thread (0x0000faf4f0019430):  JavaThread "Unknown thread" [_thread_in_native, id=5496, stack(0x0000faf4f8002000,0x0000faf4f8200000) (2040K)]

Stack: [0x0000faf4f8002000,0x0000faf4f8200000],  sp=0x0000faf4f81fe010,  free space=2032k
Native frames: (J=compiled Java code, j=interpreted, Vv=VM code, C=native code)
j  java.lang.System.registerNatives()V+0 java.base
j  java.lang.System.<clinit>()V+0 java.base
v  ~StubRoutines::call_stub 0x0000faf4dfd37158
V  [libjvm.so+0x89af84]  JavaCalls::call_helper(JavaValue*, methodHandle const&, JavaCallArguments*, JavaThread*)+0x224
V  [libjvm.so+0x873e70]  InstanceKlass::call_class_initializer(JavaThread*)+0x250
V  [libjvm.so+0x874af0]  InstanceKlass::initialize_impl(JavaThread*)+0x4c0
V  [libjvm.so+0xe872e8]  Threads::initialize_java_lang_classes(JavaThread*, JavaThread*)+0xe8
V  [libjvm.so+0xe892fc]  Threads::create_vm(JavaVMInitArgs*, bool*)+0x3ac
V  [libjvm.so+0x93a254]  JNI_CreateJavaVM+0x84
C  [libjli.so+0x3df4]  JavaMain+0x84
C  [libjli.so+0x7570]  ThreadJavaMain+0x10
C  [libc.so.6+0x8595c]
Java frames: (J=compiled Java code, j=interpreted, Vv=VM code)
j  java.lang.System.registerNatives()V+0 java.base
j  java.lang.System.<clinit>()V+0 java.base
v  ~StubRoutines::call_stub 0x0000faf4dfd37158

siginfo: si_signo: 4 (SIGILL), si_code: 1 (ILL_ILLOPC), si_addr: 0x0000faf4dfd3fc5c

Registers:
R0=0x0000000000000000
R1=0x0000faf4dfd3fc40
R2=0x0000faf4f001a098
R3=0x000000f000618ea0
R4=0x000000009aeaffff
R5=0x000000000000ffff
R6=0x0000faf4f9a64340
R7=0x000000000000000d
R8=0x0000000000000000
R9=0x000000000000000c
R10=0x000000000000000d
R11=0x000000f000484d20
R12=0x000000f00001ae68
R13=0x000000f0006435c0
R14=0x0000000000000000
R15=0x0000000000000000
R16=0x0000faf4f9a46290
R17=0x0000faf4f9d7a940
R18=0x000000f00001ad50
R19=0x0000faf4dfd3d8f0
R20=0x0000faf4f81fe010
R21=0x0000faf4f9af12d0
R22=0x0000000000000000
R23=0x0000faf4dfd3ea40
R24=0x0000faf4f81fe098
R25=0x0000faf4f81fe290
R26=0x000000f000003140
R27=0x0000000000000000
R28=0x0000faf4f0019430
R29=0x0000faf4f81fe080
R30=0x0000faf4dfd3fc40


Register to memory mapping:

R0 =0x0 is null
R1 =0x0000faf4dfd3fc40 is at code_begin+896 in an Interpreter codelet
native method entry point (kind = native)  [0x0000faf4dfd3f8c0, 0x0000faf4dfd400c0]  2048 bytes
R2 =0x0000faf4f001a098 points into unknown readable memory: 0x0000000000000105 | 05 01 00 00 00 00 00 00
R3 =0x000000f000618ea0 is pointing into metadata
R4 =0x000000009aeaffff is an unknown value
R5 =0x000000000000ffff is an unknown value
R6 =0x0000faf4f9a64340: <offset 0x0000000001464340> in /usr/lib/jvm/java-21-openjdk-arm64/lib/server/libjvm.so at 0x0000faf4f8600000
R7 =0x000000000000000d is an unknown value
R8 =0x0 is null
R9 =0x000000000000000c is an unknown value
R10=0x000000000000000d is an unknown value
R11=0x000000f000484d20 is pointing into metadata
R12={method} {0x000000f00001ae68} 'registerNatives' '()V' in 'java/lang/System'
R13=0x000000f0006435c0 is pointing into metadata
R14=0x0 is null
R15=0x0 is null
R16=0x0000faf4f9a46290: <offset 0x0000000001446290> in /usr/lib/jvm/java-21-openjdk-arm64/lib/server/libjvm.so at 0x0000faf4f8600000
R17=0x0000faf4f9d7a940: __memcmpeq+0x0000000000000000 in /lib/aarch64-linux-gnu/libc.so.6 at 0x0000faf4f9ce0000
R18={method} {0x000000f00001ad50} 'arraycopy' '(Ljava/lang/Object;ILjava/lang/Object;II)V' in 'java/lang/System'
R19=0x0000faf4dfd3d8f0 is at code_begin+48 in an Interpreter codelet
result handlers for native calls  [0x0000faf4dfd3d8c0, 0x0000faf4dfd3d908]  72 bytes
R20=0x0000faf4f81fe010 is pointing into the stack for thread: 0x0000faf4f0019430
R21=0x0000faf4f9af12d0: <offset 0x00000000014f12d0> in /usr/lib/jvm/java-21-openjdk-arm64/lib/server/libjvm.so at 0x0000faf4f8600000
R22=0x0 is null
R23=0x0000faf4dfd3ea40 is at code_begin+0 in an Interpreter codelet
method entry point (kind = zerolocals)  [0x0000faf4dfd3ea40, 0x0000faf4dfd3edd8]  920 bytes
R24=0x0000faf4f81fe098 is pointing into the stack for thread: 0x0000faf4f0019430
R25=0x0000faf4f81fe290 is pointing into the stack for thread: 0x0000faf4f0019430
R26=0x000000f000003140 is pointing into metadata
R27=0x0 is null
R28=0x0000faf4f0019430 is a thread
R29=0x0000faf4f81fe080 is pointing into the stack for thread: 0x0000faf4f0019430
R30=0x0000faf4dfd3fc40 is at code_begin+896 in an Interpreter codelet
native method entry point (kind = native)  [0x0000faf4dfd3f8c0, 0x0000faf4dfd400c0]  2048 bytes
R31=0x0000faf4f81fe010 is pointing into the stack for thread: 0x0000faf4f0019430

Top of Stack: (sp=0x0000faf4f81fe010)
0x0000faf4f81fe010:   0000000000000000 0000000000000000
0x0000faf4f81fe020:   ff000000ffffff00 006cfaf4dfd3fc40
0x0000faf4f81fe030:   0000faf4f81fe030 0000000000000000
0x0000faf4f81fe040:   0000000000000003 000000f000003140
0x0000faf4f81fe050:   00000000ffe7fdd0 0000faf4f81fe020
0x0000faf4f81fe060:   0000000000000000 000000f00001ae68
0x0000faf4f81fe070:   0000000000000000 0000faf4f81fe080
0x0000faf4f81fe080:   0000faf4f81fe0f0 0000faf4dfd3c17c
0x0000faf4f81fe090:   0000000000000000 00000000ffe7fdd0
0x0000faf4f81fe0a0:   0000faf4f81fe0a0 000000f000643cb8
0x0000faf4f81fe0b0:   0000000000000001 000000f000003140
0x0000faf4f81fe0c0:   00000000ffe7fdd0 0000faf4f81fe080
0x0000faf4f81fe0d0:   0000000000000000 000000f00001aa60
0x0000faf4f81fe0e0:   0000faf4f81fe0a0 0000faf4f81fe100
0x0000faf4f81fe0f0:   0000faf4f81fe1e0 0000faf4dfd37158
0x0000faf4f81fe100:   0000000000000000 0000faf4f0019b90
0x0000faf4f81fe110:   0000000000000000 0000000000000000
0x0000faf4f81fe120:   0000000000000000 0000000000000000
0x0000faf4f81fe130:   0000000000000000 0000000000000000
0x0000faf4f81fe140:   0000000000000000 0000000000000000
0x0000faf4f81fe150:   0000faf4f81fe350 000000000000000a
0x0000faf4f81fe160:   0000faf4f81fe258 0000faf4f81fe290
0x0000faf4f81fe170:   000000000000000e 0000faf4dfd3ea40
0x0000faf4f81fe180:   0000faf4f81fe328 0000faf4f81fe348
0x0000faf4f81fe190:   0000faf4f81fe310 0000faf4f0019430
0x0000faf4f81fe1a0:   0000faf4f81fe290 0000faf4f81fe328
0x0000faf4f81fe1b0:   000000000000000a 000000f00001aa60
0x0000faf4f81fe1c0:   0000faf4dfd3ea40 0000faf4f81fe350
0x0000faf4f81fe1d0:   0000faf400000000 0000faf4f0019430
0x0000faf4f81fe1e0:   0000faf4f81fe1f0 0000faf4f8e9af84
0x0000faf4f81fe1f0:   0000faf4f81fe2d0 006efaf4f8e73e70
0x0000faf4f81fe200:   0000faf4f0019430 0000faf4f81fe310 

Instructions: (pc=0x0000faf4dfd3fc5c)
0x0000faf4dfd3fb5c:   b8 6f 38 8b 91 31 40 f9 20 02 3f d6 ac 83 5e f8
0x0000faf4dfd3fb6c:   f3 03 00 aa 91 29 40 b9 11 01 18 36 91 05 40 f9
0x0000faf4dfd3fb7c:   31 06 40 f9 31 0e 40 f9 31 3a 40 f9 31 02 40 f9
0x0000faf4dfd3fb8c:   b1 0f 00 f9 a1 63 00 91 8a 2d 40 f9 09 90 9c d2
0x0000faf4dfd3fb9c:   e9 25 bf f2 89 5e df f2 29 01 40 f9 5f 01 09 eb
0x0000faf4dfd3fbac:   81 03 00 54 e1 03 0c aa b6 83 1b f8 e0 03 1c aa
0x0000faf4dfd3fbbc:   28 01 00 10 88 d3 01 f9 94 cf 01 f9 9d d7 01 f9
0x0000faf4dfd3fbcc:   e8 33 bf a9 08 98 82 d2 28 1d bf f2 88 5e df f2
0x0000faf4dfd3fbdc:   00 01 3f d6 e8 33 c1 a8 fe ff ff 10 9f cf 01 f9
0x0000faf4dfd3fbec:   9f d7 01 f9 9f d3 01 f9 88 07 40 f9 a8 00 00 b4
0x0000faf4dfd3fbfc:   08 10 8e d2 68 fa bb f2 88 5e df f2 00 01 1f d6
0x0000faf4dfd3fc0c:   b6 e3 7b a9 b8 6f 38 8b ac 83 5e f8 8a 2d 40 f9
0x0000faf4dfd3fc1c:   80 e3 0e 91 08 01 00 10 88 d3 01 f9 94 cf 01 f9
0x0000faf4dfd3fc2c:   9d d7 01 f9 e8 03 7e b2 89 13 11 91 28 fd 9f 88
0x0000faf4dfd3fc3c:   40 01 3f d6 ac 83 5e f8 88 82 00 d1 1f ed 7c 92
0x0000faf4dfd3fc4c:   80 0e 1f fc 9f 8e 1f f8 80 8e 1f f8 e8 03 1f 2a
0x0000faf4dfd3fc5c:   e8 e3 30 04 1f 05 00 31 80 00 00 54 c1 d5 bb d4
0x0000faf4dfd3fc6c:   60 78 65 f9 f4 fa 00 00 a8 00 80 d2 89 13 11 91
0x0000faf4dfd3fc7c:   28 fd 9f 88 bf 3b 03 d5 88 23 11 91 08 fd df c8
0x0000faf4dfd3fc8c:   bf 03 08 eb 68 00 00 54 89 43 44 b9 69 01 00 b4
0x0000faf4dfd3fc9c:   e0 03 1c aa 09 02 88 d2 69 1d bf f2 89 5e df f2
0x0000faf4dfd3fcac:   20 01 3f d6 ac 83 5e f8 1b f0 88 d2 bb 34 bf f2
0x0000faf4dfd3fcbc:   9b 5e df f2 7b 03 40 f9 e8 03 7d b2 89 13 11 91
0x0000faf4dfd3fccc:   28 fd 9f 88 9f cf 01 f9 9f d7 01 f9 9f d3 01 f9
0x0000faf4dfd3fcdc:   91 17 42 f9 3f 82 00 f9 d1 e0 fe 10 3f 02 13 eb
0x0000faf4dfd3fcec:   a1 08 00 54 80 06 41 f8 00 08 00 b4 1f 04 40 f2
0x0000faf4dfd3fcfc:   61 00 00 54 00 00 40 f9 3c 00 00 14 60 00 00 37
0x0000faf4dfd3fd0c:   00 e0 5f f8 39 00 00 14 00 f0 5f f8 fd 7b bf a9
0x0000faf4dfd3fd1c:   fd 03 00 91 91 03 41 39 51 06 00 34 20 06 00 b4
0x0000faf4dfd3fd2c:   91 17 40 f9 f1 00 00 b4 31 22 00 d1 91 17 00 f9
0x0000faf4dfd3fd3c:   89 1f 40 f9 31 02 09 8b 20 02 00 f9 29 00 00 14
0x0000faf4dfd3fd4c:   e0 07 b7 a9 e2 0f 01 a9 e4 17 02 a9 e6 1f 03 a9 


Stack slot to memory mapping:

stack at sp + 0 slots: 0x0 is null
stack at sp + 1 slots: 0x0 is null
stack at sp + 2 slots: 0xff000000ffffff00 points into unknown readable memory: 0x0000000000000000 | 00 00 00 00 00 00 00 00
stack at sp + 3 slots: 0x006cfaf4dfd3fc40 is an unknown value
stack at sp + 4 slots: 0x0000faf4f81fe030 is pointing into the stack for thread: 0x0000faf4f0019430
stack at sp + 5 slots: 0x0 is null
stack at sp + 6 slots: 0x0000000000000003 is an unknown value
stack at sp + 7 slots: 0x000000f000003140 is pointing into metadata

native method entry point (kind = native)  [0x0000faf4dfd3f8c0, 0x0000faf4dfd400c0]  2048 bytes
[MachCode]
  0x0000faf4dfd3f8c0: 8205 40f9 | 425c 4079 | 986e 228b | 1823 00d1 | 9fee 7c92 | f4c3 01d1 | f603 1faa | f47f b9a9 
  0x0000faf4dfd3f8e0: ff7f 06a9 | 8809 40f9 | 4800 00b4 | 08e1 0491 | e833 03a9 | fd7b 05a9 | fd43 0191 | 9a05 40f9 
  0x0000faf4dfd3f900: 5a07 40f9 | 5a0b 40f9 | 0803 1dcb | 08fd 43d3 | e86b 01a9 | ff4f 04a9 | 8a05 40f9 | 4a05 40f9 
  0x0000faf4dfd3f920: 4a0d 40f9 | 4a39 40f9 | 4a01 40f9 | e843 00d1 | ea23 02a9 | 1f01 0091 | e903 40b2 | 89c7 1139 
  0x0000faf4dfd3f940: 8009 40f9 | 0001 00b4 | 08fc 40b9 | 0809 0091 | 08fc 00b9 | 0910 41b9 | 0801 09ea | c037 0054 
  0x0000faf4dfd3f960: 2400 0014 | 890d 40f9 | 8903 00b5 | e103 0caa | b683 1bf8 | e003 1caa | 2801 0010 | 88d3 01f9 
  0x0000faf4dfd3f980: 94cf 01f9 | 9dd7 01f9 | e833 bfa9 | 0872 9dd2 | 081d bff2 | 885e dff2 | 0001 3fd6 | e833 c1a8 
  0x0000faf4dfd3f9a0: feff ff10 | 9fcf 01f9 | 9fd7 01f9 | 9fd3 01f9 | 8807 40f9 | a800 00b4 | 0810 8ed2 | 68fa bbf2 
  0x0000faf4dfd3f9c0: 885e dff2 | 0001 1fd6 | b6e3 7ba9 | b86f 388b | 890d 40f9 | e900 00b4 | 2809 40b9 | 0809 0091 
  0x0000faf4dfd3f9e0: 2809 00b9 | 211d 40b9 | 0801 01ea | 4033 0054 | 8873 42f9 | ff63 28eb | c805 0054 | e907 40d1 
  0x0000faf4dfd3fa00: 3f01 00f9 | e90b 40d1 | 3f01 00f9 | e90f 40d1 | 3f01 00f9 | e913 40d1 | 3f01 00f9 | e917 40d1 
  0x0000faf4dfd3fa20: 3f01 00f9 | e91b 40d1 | 3f01 00f9 | e91f 40d1 | 3f01 00f9 | e923 40d1 | 3f01 00f9 | e927 40d1 
  0x0000faf4dfd3fa40: 3f01 00f9 | e92b 40d1 | 3f01 00f9 | e92f 40d1 | 3f01 00f9 | e933 40d1 | 3f01 00f9 | e937 40d1 
  0x0000faf4dfd3fa60: 3f01 00f9 | e93b 40d1 | 3f01 00f9 | e93f 40d1 | 3f01 00f9 | e943 40d1 | 3f01 00f9 | e947 40d1 
  0x0000faf4dfd3fa80: 3f01 00f9 | e94b 40d1 | 3f01 00f9 | e94f 40d1 | 3f01 00f9 | e953 40d1 | 3f01 00f9 | 886f 42f9 
  0x0000faf4dfd3faa0: ff63 28eb | 6900 0054 | e803 0091 | 8873 02f9 | 9fc7 1139 | c8ea 0c90 | 0895 4e39 | 2801 0034 
  0x0000faf4dfd3fac0: a183 5ef8 | e003 1caa | e833 bfa9 | 08dc 9fd2 | e825 bff2 | 885e dff2 | 0001 3fd6 | e833 c1a8 
  0x0000faf4dfd3fae0: 9105 40f9 | 315e 4079 | 886e 31cb | 1fed 7c92 | f403 08aa | 9131 40f9 | 7103 00b5 | e103 0caa 
  0x0000faf4dfd3fb00: b683 1bf8 | e003 1caa | 2801 0010 | 88d3 01f9 | 94cf 01f9 | 9dd7 01f9 | e833 bfa9 | 0898 82d2 
  0x0000faf4dfd3fb20: 281d bff2 | 885e dff2 | 0001 3fd6 | e833 c1a8 | feff ff10 | 9fcf 01f9 | 9fd7 01f9 | 9fd3 01f9 
  0x0000faf4dfd3fb40: 8807 40f9 | a800 00b4 | 0810 8ed2 | 68fa bbf2 | 885e dff2 | 0001 1fd6 | b6e3 7ba9 | b86f 388b 
  0x0000faf4dfd3fb60: 9131 40f9 | 2002 3fd6 | ac83 5ef8 | f303 00aa | 9129 40b9 | 1101 1836 | 9105 40f9 | 3106 40f9 
  0x0000faf4dfd3fb80: 310e 40f9 | 313a 40f9 | 3102 40f9 | b10f 00f9 | a163 0091 | 8a2d 40f9 | 0990 9cd2 | e925 bff2 
  0x0000faf4dfd3fba0: 895e dff2 | 2901 40f9 | 5f01 09eb | 8103 0054 | e103 0caa | b683 1bf8 | e003 1caa | 2801 0010 
  0x0000faf4dfd3fbc0: 88d3 01f9 | 94cf 01f9 | 9dd7 01f9 | e833 bfa9 | 0898 82d2 | 281d bff2 | 885e dff2 | 0001 3fd6 
  0x0000faf4dfd3fbe0: e833 c1a8 | feff ff10 | 9fcf 01f9 | 9fd7 01f9 | 9fd3 01f9 | 8807 40f9 | a800 00b4 | 0810 8ed2 
  0x0000faf4dfd3fc00: 68fa bbf2 | 885e dff2 | 0001 1fd6 | b6e3 7ba9 | b86f 388b | ac83 5ef8 | 8a2d 40f9 | 80e3 0e91 
  0x0000faf4dfd3fc20: 0801 0010 | 88d3 01f9 | 94cf 01f9 | 9dd7 01f9 | e803 7eb2 | 8913 1191 | 28fd 9f88 | 4001 3fd6 
  0x0000faf4dfd3fc40: ac83 5ef8 | 8882 00d1 | 1fed 7c92 | 800e 1ffc | 9f8e 1ff8 | 808e 1ff8 | e803 1f2a | e8e3 3004 
  0x0000faf4dfd3fc60: 1f05 0031 | 8000 0054 | c1d5 bbd4 | 6078 65f9 | f4fa 0000 | a800 80d2 | 8913 1191 | 28fd 9f88 
  0x0000faf4dfd3fc80: bf3b 03d5 | 8823 1191 | 08fd dfc8 | bf03 08eb | 6800 0054 | 8943 44b9 | 6901 00b4 | e003 1caa 
  0x0000faf4dfd3fca0: 0902 88d2 | 691d bff2 | 895e dff2 | 2001 3fd6 | ac83 5ef8 | 1bf0 88d2 | bb34 bff2 | 9b5e dff2 
  0x0000faf4dfd3fcc0: 7b03 40f9 | e803 7db2 | 8913 1191 | 28fd 9f88 | 9fcf 01f9 | 9fd7 01f9 | 9fd3 01f9 | 9117 42f9 
  0x0000faf4dfd3fce0: 3f82 00f9 | d1e0 fe10 | 3f02 13eb | a108 0054 | 8006 41f8 | 0008 00b4 | 1f04 40f2 | 6100 0054 
  0x0000faf4dfd3fd00: 0000 40f9 | 3c00 0014 | 6000 0037 | 00e0 5ff8 | 3900 0014 | 00f0 5ff8 | fd7b bfa9 | fd03 0091 
  0x0000faf4dfd3fd20: 9103 4139 | 5106 0034 | 2006 00b4 | 9117 40f9 | f100 00b4 | 3122 00d1 | 9117 00f9 | 891f 40f9 
  0x0000faf4dfd3fd40: 3102 098b | 2002 00f9 | 2900 0014 | e007 b7a9 | e20f 01a9 | e417 02a9 | e61f 03a9 | ea2f 04a9 
  0x0000faf4dfd3fd60: ec37 05a9 | ee3f 06a9 | f047 07a9 | f27f 08a9 | ff83 00d1 | e8eb 7bb2 | fc2f 880c | f82f 880c 
  0x0000faf4dfd3fd80: f42f 880c | f02f 880c | e42f 880c | e02f 000c | e103 1caa | e833 bfa9 | 08b4 9fd2 | 681a bff2 
  0x0000faf4dfd3fda0: 885e dff2 | 0001 3fd6 | e833 c1a8 | e02f df0c | e42f df0c | f02f df0c | f42f df0c | f82f df0c 
  0x0000faf4dfd3fdc0: fc2f df0c | e7e3 1825 | e20f 41a9 | e417 42a9 | e61f 43a9 | ea2f 44a9 | ec37 45a9 | ee3f 46a9 
  0x0000faf4dfd3fde0: f047 47a9 | f27f 48a9 | e007 c9a8 | bf03 0091 | fd7b c1a8 | a00f 00f9 | 9f8e 1ff8 | 808e 1ff8 
  0x0000faf4dfd3fe00: 8803 1391 | 0801 40b9 | 1f09 00f1 | e104 0054 | e007 b7a9 | e20f 01a9 | e417 02a9 | e61f 03a9 
  0x0000faf4dfd3fe20: ea2f 04a9 | ec37 05a9 | ee3f 06a9 | f047 07a9 | f27f 08a9 | ff83 00d1 | e8eb 7bb2 | fc2f 880c 
  0x0000faf4dfd3fe40: f82f 880c | f42f 880c | f02f 880c | e42f 880c | e02f 000c | e003 1caa | 09d6 81d2 | 0926 bff2 
  0x0000faf4dfd3fe60: 895e dff2 | 2001 3fd6 | e02f df0c | e42f df0c | f02f df0c | f42f df0c | f82f df0c | fc2f df0c 
  0x0000faf4dfd3fe80: e7e3 1825 | e20f 41a9 | e417 42a9 | e61f 43a9 | ea2f 44a9 | ec37 45a9 | ee3f 46a9 | f047 47a9 
  0x0000faf4dfd3fea0: f27f 48a9 | e007 c9a8 | ac83 5ef8 | 9605 40f9 | d6e2 0091 | 8807 40f9 | 8803 00b4 | b683 1bf8 
  0x0000faf4dfd3fec0: e003 1caa | 2801 0010 | 88d3 01f9 | 94cf 01f9 | 9dd7 01f9 | e833 bfa9 | 0850 9bd2 | 081d bff2 
  0x0000faf4dfd3fee0: 885e dff2 | 0001 3fd6 | e833 c1a8 | feff ff10 | 9fcf 01f9 | 9fd7 01f9 | 9fd3 01f9 | 8807 40f9 
  0x0000faf4dfd3ff00: a800 00b4 | 0810 8ed2 | 68fa bbf2 | 885e dff2 | 0001 1fd6 | b6e3 7ba9 | b86f 388b | c1d5 bbd4 
  0x0000faf4dfd3ff20: 403b 60f9 | f4fa 0000 | 9129 40b9 | f106 2836 | a183 01d1 | 3104 40f9 | 9103 00b5 | b683 1bf8 
  0x0000faf4dfd3ff40: e003 1caa | 2801 0010 | 88d3 01f9 | 94cf 01f9 | 9dd7 01f9 | e833 bfa9 | 886e 9cd2 | 081d bff2 
  0x0000faf4dfd3ff60: 885e dff2 | 0001 3fd6 | e833 c1a8 | feff ff10 | 9fcf 01f9 | 9fd7 01f9 | 9fd3 01f9 | 8807 40f9 
  0x0000faf4dfd3ff80: a800 00b4 | 0810 8ed2 | 68fa bbf2 | 885e dff2 | 0001 1fd6 | b6e3 7ba9 | b86f 388b | c1d5 bbd4 
  0x0000faf4dfd3ffa0: 403b 60f9 | f4fa 0000 | b683 1bf8 | 2000 00d1 | 2304 40f9 | 3f04 00f9 | 0200 40f9 | e201 00b4 
  0x0000faf4dfd3ffc0: e803 00aa | 62fc e0c8 | 1f01 00eb | 6001 0054 | bf3b 03d5 | 2304 00f9 | e003 01aa | e833 bfa9 
  0x0000faf4dfd3ffe0: 8858 9cd2 | 081d bff2 | 885e dff2 | 0001 3fd6 | e833 c1a8 | 0400 0014 | 88a7 42f9 | 0805 00d1 
  0x0000faf4dfd40000: 88a7 02f9 | b683 5bf8 | a8ea 0cf0 | 0895 4e39 | 2801 0034 | a183 5ef8 | e003 1caa | e833 bfa9 
  0x0000faf4dfd40020: 88fe 9fd2 | e825 bff2 | 885e dff2 | 0001 3fd6 | e833 c1a8 | 8006 41f8 | 8006 41fc | 6002 3fd6 
  0x0000faf4dfd40040: b483 5ff8 | bf03 0091 | fd7b c1a8 | 9f02 0091 | c003 5fd6 | 0100 80d2 | b683 1bf8 | e003 1caa 
  0x0000faf4dfd40060: 2801 0010 | 88d3 01f9 | 94cf 01f9 | 9dd7 01f9 | e833 bfa9 | 0878 83d2 | 281d bff2 | 885e dff2 
  0x0000faf4dfd40080: 0001 3fd6 | e833 c1a8 | feff ff10 | 9fcf 01f9 | 9fd7 01f9 | 9fd3 01f9 | 8807 40f9 | a800 00b4 
  0x0000faf4dfd400a0: 0810 8ed2 | 68fa bbf2 | 885e dff2 | 0001 1fd6 | b6e3 7ba9 | b86f 388b | 4efe ff17 | 1f20 03d5 
[/MachCode]

---------------  P R O C E S S  ---------------

Threads class SMR info:
_java_thread_list=0x0000faf4f0085d10, length=1, elements={
0x0000faf4f0019430
}

Java Threads: ( => current thread )
=>0x0000faf4f0019430 JavaThread "Unknown thread"             [_thread_in_native, id=5496, stack(0x0000faf4f8002000,0x0000faf4f8200000) (2040K)]
Total: 1

Other Threads:
  0x0000faf4f0096ec0 VMThread "VM Thread"                           [id=5503, stack(0x0000faf4f4c10000,0x0000faf4f4e0e000) (2040K)]
  0x0000faf4f0084e60 WatcherThread "VM Periodic Task Thread"        [id=5502, stack(0x0000faf4f5010000,0x0000faf4f520e000) (2040K)]
  0x0000faf4f0052720 WorkerThread "GC Thread#0"                     [id=5497, stack(0x0000faf4f6410000,0x0000faf4f660e000) (2040K)]
  0x0000faf4f005b5c0 ConcurrentGCThread "G1 Main Marker"            [id=5498, stack(0x0000faf4f6010000,0x0000faf4f620e000) (2040K)]
  0x0000faf4f005c580 WorkerThread "G1 Conc#0"                       [id=5499, stack(0x0000faf4f5c10000,0x0000faf4f5e0e000) (2040K)]
  0x0000faf4f0073780 ConcurrentGCThread "G1 Refine#0"               [id=5500, stack(0x0000faf4f5810000,0x0000faf4f5a0e000) (2040K)]
  0x0000faf4f0074760 ConcurrentGCThread "G1 Service"                [id=5501, stack(0x0000faf4f5410000,0x0000faf4f560e000) (2040K)]
Total: 7

Threads with active compile tasks:
Total: 0

VM state: not at safepoint (normal execution)

VM Mutex/Monitor currently owned by a thread: None

Heap address: 0x00000000c3000000, size: 976 MB, Compressed Oops mode: 32-bit

CDS archive(s) mapped at: [0x000000f000000000-0x000000f000ca0000-0x000000f000ca0000), size 13238272, SharedBaseAddress: 0x000000f000000000, ArchiveRelocationMode: 1.
Compressed class space mapped at: 0x000000f001000000-0x000000f041000000, reserved size: 1073741824
Narrow klass base: 0x000000f000000000, Narrow klass shift: 0, Narrow klass range: 0x100000000

GC Precious Log:
 CardTable entry size: 512
 Card Set container configuration: InlinePtr #cards 5 size 8 Array Of Cards #cards 12 size 40 Howl #buckets 4 coarsen threshold 1843 Howl Bitmap #cards 512 size 80 coarsen threshold 460 Card regions per heap region 1 cards per card region 2048
 CPUs: 4 total, 4 available
 Memory: 3902M
 Large Page Support: Disabled
 NUMA Support: Disabled
 Compressed Oops: Enabled (32-bit)
 Heap Region Size: 1M
 Heap Min Capacity: 8M
 Heap Initial Capacity: 8M
 Heap Max Capacity: 976M
 Pre-touch: Disabled
 Parallel Workers: 4
 Concurrent Workers: 1
 Concurrent Refinement Workers: 4
 Periodic GC: Disabled

Heap:
 garbage-first heap   total 10240K, used 1073K [0x00000000c3000000, 0x0000000100000000)
  region size 1024K, 1 young (1024K), 0 survivors (0K)
 Metaspace       used 1K, committed 128K, reserved 1114112K
  class space    used 0K, committed 64K, reserved 1048576K

Heap Regions: E=young(eden), S=young(survivor), O=old, HS=humongous(starts), HC=humongous(continues), CS=collection set, F=free, TAMS=top-at-mark-start, PB=parsable bottom
|   0|0x00000000c3000000, 0x00000000c3000000, 0x00000000c3100000|  0%| F|  |TAMS 0x00000000c3000000| PB 0x00000000c3000000| Untracked 
|   1|0x00000000c3100000, 0x00000000c3100000, 0x00000000c3200000|  0%| F|  |TAMS 0x00000000c3100000| PB 0x00000000c3100000| Untracked 
|   2|0x00000000c3200000, 0x00000000c3200000, 0x00000000c3300000|  0%| F|  |TAMS 0x00000000c3200000| PB 0x00000000c3200000| Untracked 
|   3|0x00000000c3300000, 0x00000000c3300000, 0x00000000c3400000|  0%| F|  |TAMS 0x00000000c3300000| PB 0x00000000c3300000| Untracked 
|   4|0x00000000c3400000, 0x00000000c3400000, 0x00000000c3500000|  0%| F|  |TAMS 0x00000000c3400000| PB 0x00000000c3400000| Untracked 
|   5|0x00000000c3500000, 0x00000000c3500000, 0x00000000c3600000|  0%| F|  |TAMS 0x00000000c3500000| PB 0x00000000c3500000| Untracked 
|   6|0x00000000c3600000, 0x00000000c3600000, 0x00000000c3700000|  0%| F|  |TAMS 0x00000000c3600000| PB 0x00000000c3600000| Untracked 
|   7|0x00000000c3700000, 0x00000000c370f5d0, 0x00000000c3800000|  6%| E|  |TAMS 0x00000000c3700000| PB 0x00000000c3700000| Complete 
| 974|0x00000000ffe00000, 0x00000000fff00000, 0x00000000fff00000|100%| O|  |TAMS 0x00000000ffe00000| PB 0x00000000ffe00000| Untracked 
| 975|0x00000000fff00000, 0x00000000fff0c710, 0x0000000100000000|  4%| O|  |TAMS 0x00000000fff00000| PB 0x00000000fff00000| Untracked 

Card table byte_map: [0x0000faf4f7743000,0x0000faf4f792b000] _byte_map_base: 0x0000faf4f712b000

Marking Bits: (CMBitMap*) 0x0000faf4f0053260
 Bits: [0x0000faf4f6800000, 0x0000faf4f7740000)

Polling page: 0x0000faf4f9f3c000

Metaspace:

Usage:
  Non-class:    304 bytes used.
      Class:    976 bytes used.
       Both:      1.25 KB used.

Virtual space:
  Non-class space:       64.00 MB reserved,      64.00 KB ( <1%) committed,  1 nodes.
      Class space:        1.00 GB reserved,      64.00 KB ( <1%) committed,  1 nodes.
             Both:        1.06 GB reserved,     128.00 KB ( <1%) committed. 

Chunk freelists:
   Non-Class:  12.00 MB
       Class:  15.75 MB
        Both:  27.75 MB

MaxMetaspaceSize: unlimited
CompressedClassSpaceSize: 1.00 GB
Initial GC threshold: 21.00 MB
Current GC threshold: 17179869184.00 GB
CDS: on
 - commit_granule_bytes: 65536.
 - commit_granule_words: 8192.
 - virtual_space_node_default_size: 8388608.
 - enlarge_chunks_in_place: 1.
 - use_allocation_guard: 0.


Internal statistics:

num_allocs_failed_limit: 0.
num_arena_births: 2.
num_arena_deaths: 0.
num_vsnodes_births: 2.
num_vsnodes_deaths: 0.
num_space_committed: 2.
num_space_uncommitted: 0.
num_chunks_returned_to_freelist: 0.
num_chunks_taken_from_freelist: 3.
num_chunk_merges: 0.
num_chunk_splits: 2.
num_chunks_enlarged: 0.
num_inconsistent_stats: 0.

CodeHeap 'non-profiled nmethods': size=120032Kb used=0Kb max_used=0Kb free=120032Kb
 bounds [0x0000faf4e02c8000, 0x0000faf4e0538000, 0x0000faf4e7800000]
CodeHeap 'profiled nmethods': size=120028Kb used=0Kb max_used=0Kb free=120028Kb
 bounds [0x0000faf4d8800000, 0x0000faf4d8a70000, 0x0000faf4dfd37000]
CodeHeap 'non-nmethods': size=5700Kb used=376Kb max_used=376Kb free=5323Kb
 bounds [0x0000faf4dfd37000, 0x0000faf4dffa7000, 0x0000faf4e02c8000]
 total_blobs=92 nmethods=0 adapters=67
 compilation: enabled
              stopped_count=0, restarted_count=0
 full_count=0

Compilation events (0 events):
No events

GC Heap History (0 events):
No events

Dll operation events (1 events):
Event: 0.015 Loaded shared library /usr/lib/jvm/java-21-openjdk-arm64/lib/libjava.so

Deoptimization events (0 events):
No events

Classes loaded (0 events):
No events

Classes unloaded (0 events):
No events

Classes redefined (0 events):
No events

Internal exceptions (0 events):
No events

ZGC Phase Switch (0 events):
No events

VM Operations (0 events):
No events

Memory protections (1 events):
Event: 0.014 Protecting memory [0x0000faf4f8002000,0x0000faf4f8006000] with protection modes 0

Nmethod flushes (0 events):
No events

Events (1 events):
Event: 0.035 Thread 0x0000faf4f0019430 Thread added: 0x0000faf4f0019430


Dynamic libraries:
c3000000-c3800000 rw-p 00000000 00:00 0 
c3800000-ffe00000 ---p 00000000 00:00 0 
ffe00000-fff0d000 rw-p 00cf0000 fc:00 263923                             /usr/lib/jvm/java-21-openjdk-arm64/lib/server/classes.jsa
fff0d000-100000000 rw-p 00000000 00:00 0 
f000000000-f000ca0000 rw-p 00010000 fc:00 263923                         /usr/lib/jvm/java-21-openjdk-arm64/lib/server/classes.jsa
f000ca0000-f001040000 ---p 00000000 00:00 0 
f001040000-f001050000 rw-p 00000000 00:00 0 
f001050000-f041000000 ---p 00000000 00:00 0 
c3e05b8e0000-c3e05b8e1000 r-xp 00000000 fc:00 264073                     /usr/lib/jvm/java-21-openjdk-arm64/bin/javac
c3e05b8ff000-c3e05b900000 r--p 0000f000 fc:00 264073                     /usr/lib/jvm/java-21-openjdk-arm64/bin/javac
c3e05b900000-c3e05b901000 rw-p 00010000 fc:00 264073                     /usr/lib/jvm/java-21-openjdk-arm64/bin/javac
c3e06bc10000-c3e06bc57000 rw-p 00000000 00:00 0                          [heap]
faf4ac000000-faf4ac021000 rw-p 00000000 00:00 0 
faf4ac021000-faf4b0000000 ---p 00000000 00:00 0 
faf4b0000000-faf4b0010000 rw-p 00000000 00:00 0 
faf4b0010000-faf4b4000000 ---p 00000000 00:00 0 
faf4b4000000-faf4b4021000 rw-p 00000000 00:00 0 
faf4b4021000-faf4b8000000 ---p 00000000 00:00 0 
faf4bc000000-faf4bc021000 rw-p 00000000 00:00 0 
faf4bc021000-faf4c0000000 ---p 00000000 00:00 0 
faf4c0000000-faf4c0021000 rw-p 00000000 00:00 0 
faf4c0021000-faf4c4000000 ---p 00000000 00:00 0 
faf4c8000000-faf4c8021000 rw-p 00000000 00:00 0 
faf4c8021000-faf4cc000000 ---p 00000000 00:00 0 
faf4cc000000-faf4cc021000 rw-p 00000000 00:00 0 
faf4cc021000-faf4d0000000 ---p 00000000 00:00 0 
faf4d2000000-faf4d4021000 rw-p 00000000 00:00 0 
faf4d4021000-faf4d8000000 ---p 00000000 00:00 0 
faf4d8800000-faf4d8a70000 rwxp 00000000 00:00 0 
faf4d8a70000-faf4dfd37000 ---p 00000000 00:00 0 
faf4dfd37000-faf4dffa7000 rwxp 00000000 00:00 0 
faf4dffa7000-faf4e02c8000 ---p 00000000 00:00 0 
faf4e02c8000-faf4e0538000 rwxp 00000000 00:00 0 
faf4e0538000-faf4e7800000 ---p 00000000 00:00 0 
faf4e7800000-faf4efe21000 r--s 00000000 fc:00 263920                     /usr/lib/jvm/java-21-openjdk-arm64/lib/modules
faf4f0000000-faf4f00c1000 rw-p 00000000 00:00 0 
faf4f00c1000-faf4f4000000 ---p 00000000 00:00 0 
faf4f4400000-faf4f46c0000 rw-p 00000000 00:00 0 
faf4f4800000-faf4f4a0b000 rw-p 00000000 00:00 0 
faf4f4c00000-faf4f4c10000 ---p 00000000 00:00 0 
faf4f4c10000-faf4f4e0e000 rw-p 00000000 00:00 0 
faf4f5000000-faf4f5010000 ---p 00000000 00:00 0 
faf4f5010000-faf4f520e000 rw-p 00000000 00:00 0 
faf4f5400000-faf4f5410000 ---p 00000000 00:00 0 
faf4f5410000-faf4f560e000 rw-p 00000000 00:00 0 
faf4f5800000-faf4f5810000 ---p 00000000 00:00 0 
faf4f5810000-faf4f5a0e000 rw-p 00000000 00:00 0 
faf4f5aff000-faf4f5c00000 rw-p 00000000 00:00 0 
faf4f5c00000-faf4f5c10000 ---p 00000000 00:00 0 
faf4f5c10000-faf4f5e0e000 rw-p 00000000 00:00 0 
faf4f5eff000-faf4f6000000 rw-p 00000000 00:00 0 
faf4f6000000-faf4f6010000 ---p 00000000 00:00 0 
faf4f6010000-faf4f620e000 rw-p 00000000 00:00 0 
faf4f62ff000-faf4f6400000 rw-p 00000000 00:00 0 
faf4f6400000-faf4f6410000 ---p 00000000 00:00 0 
faf4f6410000-faf4f660e000 rw-p 00000000 00:00 0 
faf4f667e000-faf4f6820000 rw-p 00000000 00:00 0 
faf4f6820000-faf4f7738000 ---p 00000000 00:00 0 
faf4f7738000-faf4f7740000 rw-p 00000000 00:00 0 
faf4f7743000-faf4f7747000 rw-p 00000000 00:00 0 
faf4f7747000-faf4f792a000 ---p 00000000 00:00 0 
faf4f792a000-faf4f792f000 rw-p 00000000 00:00 0 
faf4f792f000-faf4f7b12000 ---p 00000000 00:00 0 
faf4f7b12000-faf4f7f1c000 rw-p 00000000 00:00 0 
faf4f7f1c000-faf4f8002000 ---p 00000000 00:00 0 
faf4f8002000-faf4f8006000 ---p 00000000 00:00 0 
faf4f8006000-faf4f8200000 rw-p 00000000 00:00 0 
faf4f8200000-faf4f846d000 r-xp 00000000 fc:00 132759                     /usr/lib/aarch64-linux-gnu/libstdc++.so.6.0.33
faf4f846d000-faf4f8475000 ---p 0026d000 fc:00 132759                     /usr/lib/aarch64-linux-gnu/libstdc++.so.6.0.33
faf4f8475000-faf4f8480000 r--p 00275000 fc:00 132759                     /usr/lib/aarch64-linux-gnu/libstdc++.so.6.0.33
faf4f8480000-faf4f8483000 rw-p 00280000 fc:00 132759                     /usr/lib/aarch64-linux-gnu/libstdc++.so.6.0.33
faf4f8483000-faf4f8487000 rw-p 00000000 00:00 0 
faf4f84ba000-faf4f851a000 rw-p 00000000 00:00 0 
faf4f851a000-faf4f8600000 ---p 00000000 00:00 0 
faf4f8600000-faf4f9970000 r-xp 00000000 fc:00 263926                     /usr/lib/jvm/java-21-openjdk-arm64/lib/server/libjvm.so
faf4f9970000-faf4f9973000 ---p 01370000 fc:00 263926                     /usr/lib/jvm/java-21-openjdk-arm64/lib/server/libjvm.so
faf4f9973000-faf4f9a50000 r--p 01373000 fc:00 263926                     /usr/lib/jvm/java-21-openjdk-arm64/lib/server/libjvm.so
faf4f9a50000-faf4f9a82000 rw-p 01450000 fc:00 263926                     /usr/lib/jvm/java-21-openjdk-arm64/lib/server/libjvm.so
faf4f9a82000-faf4f9b06000 rw-p 00000000 00:00 0 
faf4f9b0e000-faf4f9b70000 rw-p 00000000 00:00 0 
faf4f9b70000-faf4f9b92000 r-xp 00000000 fc:00 263897                     /usr/lib/jvm/java-21-openjdk-arm64/lib/libjava.so
faf4f9b92000-faf4f9baf000 ---p 00022000 fc:00 263897                     /usr/lib/jvm/java-21-openjdk-arm64/lib/libjava.so
faf4f9baf000-faf4f9bb0000 r--p 0002f000 fc:00 263897                     /usr/lib/jvm/java-21-openjdk-arm64/lib/libjava.so
faf4f9bb0000-faf4f9bb1000 rw-p 00030000 fc:00 263897                     /usr/lib/jvm/java-21-openjdk-arm64/lib/libjava.so
faf4f9bb1000-faf4f9bb2000 rw-p 00000000 00:00 0 
faf4f9bc0000-faf4f9bc5000 r-xp 00000000 fc:00 263901                     /usr/lib/jvm/java-21-openjdk-arm64/lib/libjimage.so
faf4f9bc5000-faf4f9bdf000 ---p 00005000 fc:00 263901                     /usr/lib/jvm/java-21-openjdk-arm64/lib/libjimage.so
faf4f9bdf000-faf4f9be0000 r--p 0000f000 fc:00 263901                     /usr/lib/jvm/java-21-openjdk-arm64/lib/libjimage.so
faf4f9be0000-faf4f9be1000 rw-p 00010000 fc:00 263901                     /usr/lib/jvm/java-21-openjdk-arm64/lib/libjimage.so
faf4f9bf0000-faf4f9c0f000 r-xp 00000000 fc:00 132590                     /usr/lib/aarch64-linux-gnu/libgcc_s.so.1
faf4f9c0f000-faf4f9c1f000 ---p 0001f000 fc:00 132590                     /usr/lib/aarch64-linux-gnu/libgcc_s.so.1
faf4f9c1f000-faf4f9c20000 r--p 0001f000 fc:00 132590                     /usr/lib/aarch64-linux-gnu/libgcc_s.so.1
faf4f9c20000-faf4f9c21000 rw-p 00020000 fc:00 132590                     /usr/lib/aarch64-linux-gnu/libgcc_s.so.1
faf4f9c30000-faf4f9cb5000 r-xp 00000000 fc:00 132653                     /usr/lib/aarch64-linux-gnu/libm.so.6
faf4f9cb5000-faf4f9ccf000 ---p 00085000 fc:00 132653                     /usr/lib/aarch64-linux-gnu/libm.so.6
faf4f9ccf000-faf4f9cd0000 r--p 0008f000 fc:00 132653                     /usr/lib/aarch64-linux-gnu/libm.so.6
faf4f9cd0000-faf4f9cd1000 rw-p 00090000 fc:00 132653                     /usr/lib/aarch64-linux-gnu/libm.so.6
faf4f9ce0000-faf4f9e7a000 r-xp 00000000 fc:00 132540                     /usr/lib/aarch64-linux-gnu/libc.so.6
faf4f9e7a000-faf4f9e8d000 ---p 0019a000 fc:00 132540                     /usr/lib/aarch64-linux-gnu/libc.so.6
faf4f9e8d000-faf4f9e90000 r--p 0019d000 fc:00 132540                     /usr/lib/aarch64-linux-gnu/libc.so.6
faf4f9e90000-faf4f9e92000 rw-p 001a0000 fc:00 132540                     /usr/lib/aarch64-linux-gnu/libc.so.6
faf4f9e92000-faf4f9e9e000 rw-p 00000000 00:00 0 
faf4f9ea0000-faf4f9eaf000 r-xp 00000000 fc:00 263902                     /usr/lib/jvm/java-21-openjdk-arm64/lib/libjli.so
faf4f9eaf000-faf4f9ebf000 ---p 0000f000 fc:00 263902                     /usr/lib/jvm/java-21-openjdk-arm64/lib/libjli.so
faf4f9ebf000-faf4f9ec0000 r--p 0000f000 fc:00 263902                     /usr/lib/jvm/java-21-openjdk-arm64/lib/libjli.so
faf4f9ec0000-faf4f9ec1000 rw-p 00010000 fc:00 263902                     /usr/lib/jvm/java-21-openjdk-arm64/lib/libjli.so
faf4f9ec4000-faf4f9ec9000 rw-p 00000000 00:00 0 
faf4f9ec9000-faf4f9ed0000 ---p 00000000 00:00 0 
faf4f9ed0000-faf4f9eea000 r-xp 00000000 fc:00 132804                     /usr/lib/aarch64-linux-gnu/libz.so.1.3
faf4f9eea000-faf4f9eff000 ---p 0001a000 fc:00 132804                     /usr/lib/aarch64-linux-gnu/libz.so.1.3
faf4f9eff000-faf4f9f00000 r--p 0001f000 fc:00 132804                     /usr/lib/aarch64-linux-gnu/libz.so.1.3
faf4f9f00000-faf4f9f01000 rw-p 00020000 fc:00 132804                     /usr/lib/aarch64-linux-gnu/libz.so.1.3
faf4f9f06000-faf4f9f2d000 r-xp 00000000 fc:00 132427                     /usr/lib/aarch64-linux-gnu/ld-linux-aarch64.so.1
faf4f9f2d000-faf4f9f2f000 rw-p 00000000 00:00 0 
faf4f9f34000-faf4f9f3c000 rw-s 00000000 fc:00 1179707                    /tmp/hsperfdata_pantelis/5495
faf4f9f3c000-faf4f9f3d000 ---p 00000000 00:00 0 
faf4f9f3d000-faf4f9f3e000 r--p 00000000 00:00 0 
faf4f9f3e000-faf4f9f3f000 ---p 00000000 00:00 0 
faf4f9f3f000-faf4f9f41000 rw-p 00000000 00:00 0 
faf4f9f41000-faf4f9f43000 r--p 00000000 00:00 0                          [vvar]
faf4f9f43000-faf4f9f44000 r-xp 00000000 00:00 0                          [vdso]
faf4f9f44000-faf4f9f46000 r--p 0002e000 fc:00 132427                     /usr/lib/aarch64-linux-gnu/ld-linux-aarch64.so.1
faf4f9f46000-faf4f9f48000 rw-p 00030000 fc:00 132427                     /usr/lib/aarch64-linux-gnu/ld-linux-aarch64.so.1
ffffd3b26000-ffffd3b47000 rw-p 00000000 00:00 0                          [stack]
Total number of mappings: 124


VM Arguments:
jvm_args: -Dapplication.home=/usr/lib/jvm/java-21-openjdk-arm64 --add-modules=ALL-DEFAULT -Xms8m -Djdk.module.main=jdk.compiler 
java_command: jdk.compiler/com.sun.tools.javac.Main -version
java_class_path (initial): <not set>
Launcher Type: SUN_STANDARD

[Global flags]
     intx CICompilerCount                          = 3                                         {product} {ergonomic}
     uint ConcGCThreads                            = 1                                         {product} {ergonomic}
     uint G1ConcRefinementThreads                  = 4                                         {product} {ergonomic}
   size_t G1HeapRegionSize                         = 1048576                                   {product} {ergonomic}
    uintx GCDrainStackTargetSize                   = 64                                        {product} {ergonomic}
   size_t InitialHeapSize                          = 8388608                                   {product} {command line}
   size_t MarkStackSize                            = 4194304                                   {product} {ergonomic}
   size_t MaxHeapSize                              = 1023410176                                {product} {ergonomic}
   size_t MaxNewSize                               = 613416960                                 {product} {ergonomic}
   size_t MinHeapDeltaBytes                        = 1048576                                   {product} {ergonomic}
   size_t MinHeapSize                              = 8388608                                   {product} {command line}
    uintx NonNMethodCodeHeapSize                   = 5832908                                {pd product} {ergonomic}
    uintx NonProfiledCodeHeapSize                  = 122912666                              {pd product} {ergonomic}
    uintx ProfiledCodeHeapSize                     = 122912666                              {pd product} {ergonomic}
    uintx ReservedCodeCacheSize                    = 251658240                              {pd product} {ergonomic}
     bool SegmentedCodeCache                       = true                                      {product} {ergonomic}
   size_t SoftMaxHeapSize                          = 1023410176                             {manageable} {ergonomic}
     bool UseCompressedOops                        = true                           {product lp64_product} {ergonomic}
     bool UseG1GC                                  = true                                      {product} {ergonomic}

Logging:
Log output configuration:
 #0: stdout all=warning uptime,level,tags foldmultilines=false
 #1: stderr all=off uptime,level,tags foldmultilines=false

Environment Variables:
PATH=/usr/local/sbin:/usr/local/bin:/usr/sbin:/usr/bin:/sbin:/bin:/usr/games:/usr/local/games:/snap/bin:/snap/bin
USERNAME=pantelis
SHELL=/bin/bash
DISPLAY=:0
LANG=en_US.UTF-8
TERM=xterm-256color

Active Locale:
LC_ALL=C
LC_COLLATE=C
LC_CTYPE=C
LC_MESSAGES=C
LC_MONETARY=C
LC_NUMERIC=C
LC_TIME=C

Signal Handlers:
   SIGSEGV: crash_handler in libjvm.so, mask=11100100010111111101111111111110, flags=SA_RESTART|SA_SIGINFO, unblocked
    SIGBUS: crash_handler in libjvm.so, mask=11100100010111111101111111111110, flags=SA_RESTART|SA_SIGINFO, unblocked
    SIGFPE: crash_handler in libjvm.so, mask=11100100010111111101111111111110, flags=SA_RESTART|SA_SIGINFO, unblocked
   SIGPIPE: javaSignalHandler in libjvm.so, mask=11100100010111111101111111111110, flags=SA_RESTART|SA_SIGINFO, blocked
   SIGXFSZ: javaSignalHandler in libjvm.so, mask=11100100010111111101111111111110, flags=SA_RESTART|SA_SIGINFO, blocked
    SIGILL: crash_handler in libjvm.so, mask=11100100010111111101111111111110, flags=SA_RESTART|SA_SIGINFO, unblocked
   SIGUSR2: SR_handler in libjvm.so, mask=00000000000000000000000000000000, flags=SA_RESTART|SA_SIGINFO, blocked
    SIGHUP: SIG_DFL, mask=00000000000000000000000000000000, flags=none, blocked
    SIGINT: SIG_DFL, mask=00000000000000000000000000000000, flags=none, blocked
   SIGTERM: SIG_DFL, mask=00000000000000000000000000000000, flags=none, blocked
   SIGQUIT: UserHandler in libjvm.so, mask=11100100010111111101111111111110, flags=SA_RESTART|SA_SIGINFO, blocked
   SIGTRAP: crash_handler in libjvm.so, mask=11100100010111111101111111111110, flags=SA_RESTART|SA_SIGINFO, unblocked


Periodic native trim disabled

---------------  S Y S T E M  ---------------

OS:
DISTRIB_ID=Ubuntu
DISTRIB_RELEASE=24.04
DISTRIB_CODENAME=noble
DISTRIB_DESCRIPTION="Ubuntu 24.04.2 LTS"
uname: Linux 6.8.0-57-generic #59-Ubuntu SMP PREEMPT_DYNAMIC Sat Mar 15 17:00:30 UTC 2025 aarch64
OS uptime: 0 days 1:15 hours
libc: glibc 2.39 NPTL 2.39 
rlimit (soft/hard): STACK 8192k/infinity , CORE 0k/infinity , NPROC 15141/15141 , NOFILE 1048576/1048576 , AS infinity/infinity , CPU infinity/infinity , DATA infinity/infinity , FSIZE infinity/infinity , MEMLOCK 499524k/499524k
load average: 1.22 1.35 0.97

/proc/meminfo:
MemTotal:        3996204 kB
MemFree:           85340 kB
MemAvailable:     994376 kB
Buffers:           33608 kB
Cached:          1197844 kB
SwapCached:          136 kB
Active:          1417176 kB
Inactive:        2041052 kB
Active(anon):    1193032 kB
Inactive(anon):  1279160 kB
Active(file):     224144 kB
Inactive(file):   761892 kB
Unevictable:       99116 kB
Mlocked:           26316 kB
SwapTotal:       3995644 kB
SwapFree:        3965000 kB
Zswap:                 0 kB
Zswapped:              0 kB
Dirty:             54756 kB
Writeback:             0 kB
AnonPages:       2325824 kB
Mapped:           556928 kB
Shmem:            237956 kB
KReclaimable:     100940 kB
Slab:             231228 kB
SReclaimable:     100940 kB
SUnreclaim:       130288 kB
KernelStack:       14744 kB
ShadowCallStack:    3676 kB
PageTables:        36616 kB
SecPageTables:         0 kB
NFS_Unstable:          0 kB
Bounce:                0 kB
WritebackTmp:          0 kB
CommitLimit:     5993744 kB
Committed_AS:    8372840 kB
VmallocTotal:   133141626880 kB
VmallocUsed:       35880 kB
VmallocChunk:          0 kB
Percpu:             2784 kB
HardwareCorrupted:     0 kB
AnonHugePages:         0 kB
ShmemHugePages:        0 kB
ShmemPmdMapped:        0 kB
FileHugePages:         0 kB
FilePmdMapped:         0 kB
CmaTotal:          32768 kB
CmaFree:            1156 kB
HugePages_Total:       0
HugePages_Free:        0
HugePages_Rsvd:        0
HugePages_Surp:        0
Hugepagesize:       2048 kB
Hugetlb:               0 kB

/sys/kernel/mm/transparent_hugepage/enabled: always [madvise] never
/sys/kernel/mm/transparent_hugepage/hpage_pmd_size: 2097152
/sys/kernel/mm/transparent_hugepage/defrag (defrag/compaction efforts parameter): always defer defer+madvise [madvise] never

Process Memory:
Virtual Size: 3150840K (peak: 3150904K)
Resident Set Size: 37340K (peak: 37340K) (anon: 19456K, file: 17884K, shmem: 0K)
Swapped out: 0K
C-Heap outstanding allocations: 15164K, retained: 1107K
glibc malloc tunables: (default)

/proc/sys/kernel/threads-max (system-wide limit on the number of threads): 30283
/proc/sys/vm/max_map_count (maximum number of memory map areas a process may have): 1048576
/proc/sys/vm/swappiness (control to define how aggressively the kernel swaps out anonymous memory): 60
/proc/sys/kernel/pid_max (system-wide limit on number of process identifiers): 4194304

container (cgroup) information:
container_type: cgroupv2
cpu_cpuset_cpus: not supported
cpu_memory_nodes: not supported
active_processor_count: 4
cpu_quota: not supported
cpu_period: not supported
cpu_shares: not supported
memory_limit_in_bytes: unlimited
memory_and_swap_limit_in_bytes: unlimited
memory_soft_limit_in_bytes: unlimited
memory_usage_in_bytes: 537044 k
memory_max_usage_in_bytes: not supported
memory_swap_current_in_bytes: unlimited
memory_swap_max_limit_in_bytes: unlimited
maximum number of tasks: 4542
current number of tasks: 10

Steal ticks since vm start: 0
Steal ticks percentage since vm start:  0.000

CPU: total 4 (initial active 4) 0x61:0x0:0x000:0, fp, asimd, evtstrm, aes, pmull, sha1, sha256, crc32, lse, dcpop, sha3, sha512, paca, sve2
/proc/cpuinfo:
processor	: 0
BogoMIPS	: 48.00
Features	: fp asimd evtstrm aes pmull sha1 sha2 crc32 atomics fphp asimdhp cpuid asimdrdm jscvt fcma lrcpc dcpop sha3 asimddp sha512 asimdfhm dit uscat ilrcpc flagm sb paca pacg dcpodp sve2 flagm2 frint svei8mm svebf16 bf16 afp smei16i64 smef64f64 smei8i32 smef16f32 smeb16f32 smef32f32 sme2 smei16i32 smebi32i32
CPU implementer	: 0x61
CPU architecture: 8
CPU variant	: 0x0
CPU part	: 0x000
CPU revision	: 0

processor	: 1
BogoMIPS	: 48.00
Features	: fp asimd evtstrm aes pmull sha1 sha2 crc32 atomics fphp asimdhp cpuid asimdrdm jscvt fcma lrcpc dcpop sha3 asimddp sha512 asimdfhm dit uscat ilrcpc flagm sb paca pacg dcpodp sve2 flagm2 frint svei8mm svebf16 bf16 afp smei16i64 smef64f64 smei8i32 smef16f32 smeb16f32 smef32f32 sme2 smei16i32 smebi32i32
CPU implementer	: 0x61
CPU architecture: 8
CPU variant	: 0x0
CPU part	: 0x000
CPU revision	: 0

processor	: 2
BogoMIPS	: 48.00
Features	: fp asimd evtstrm aes pmull sha1 sha2 crc32 atomics fphp asimdhp cpuid asimdrdm jscvt fcma lrcpc dcpop sha3 asimddp sha512 asimdfhm dit uscat ilrcpc flagm sb paca pacg dcpodp sve2 flagm2 frint svei8mm svebf16 bf16 afp smei16i64 smef64f64 smei8i32 smef16f32 smeb16f32 smef32f32 sme2 smei16i32 smebi32i32
CPU implementer	: 0x61
CPU architecture: 8
CPU variant	: 0x0
CPU part	: 0x000
CPU revision	: 0

processor	: 3
BogoMIPS	: 48.00
Features	: fp asimd evtstrm aes pmull sha1 sha2 crc32 atomics fphp asimdhp cpuid asimdrdm jscvt fcma lrcpc dcpop sha3 asimddp sha512 asimdfhm dit uscat ilrcpc flagm sb paca pacg dcpodp sve2 flagm2 frint svei8mm svebf16 bf16 afp smei16i64 smef64f64 smei8i32 smef16f32 smeb16f32 smef32f32 sme2 smei16i32 smebi32i32
CPU implementer	: 0x61
CPU architecture: 8
CPU variant	: 0x0
CPU part	: 0x000
CPU revision	: 0


Online cpus: 0-3
Offline cpus: 

Memory: 4k page, physical 3996204k(994376k free), swap 3995644k(3965000k free)
Page Sizes: 4k

vm_info: OpenJDK 64-Bit Server VM (21.0.6+7-Ubuntu-124.04.1) for linux-aarch64 JRE (21.0.6+7-Ubuntu-124.04.1), built on 2025-01-23T22:52:35Z by "buildd" with gcc 13.3.0

END.
