#
# A fatal error has been detected by the Java Runtime Environment:
#
#  SIGILL (0x4) at pc=0x0000e712dfd3fc5c, pid=5556, tid=5557
#
# JRE version:  (21.0.6+7) (build )
# Java VM: OpenJDK 64-Bit Server VM (21.0.6+7-Ubuntu-124.04.1, mixed mode, sharing, tiered, compressed oops, compressed class ptrs, g1 gc, linux-aarch64)
# Problematic frame:
# j  java.lang.System.registerNatives()V+0 java.base@21.0.6
#
# Core dump will be written. Default location: Core dumps may be processed with "/usr/share/apport/apport -p%p -s%s -c%c -d%d -P%P -u%u -g%g -- %E" (or dumping to /home/pantelis/katanemimena2/core.5556)
#
# The crash happened outside the Java Virtual Machine in native code.
# See problematic frame for where to report the bug.
#

---------------  S U M M A R Y ------------

Command Line: 

Host: AArch64, 4 cores, 3G, Ubuntu 24.04.2 LTS
Time: Sun May  4 19:01:30 2025 UTC elapsed time: 0.009690 seconds (0d 0h 0m 0s)

---------------  T H R E A D  ---------------

Current thread (0x0000e712f0018f90):  JavaThread "Unknown thread" [_thread_in_native, id=5557, stack(0x0000e712f4202000,0x0000e712f4400000) (2040K)]

Stack: [0x0000e712f4202000,0x0000e712f4400000],  sp=0x0000e712f43fe010,  free space=2032k
Native frames: (J=compiled Java code, j=interpreted, Vv=VM code, C=native code)
j  java.lang.System.registerNatives()V+0 java.base@21.0.6
j  java.lang.System.<clinit>()V+0 java.base@21.0.6
v  ~StubRoutines::call_stub 0x0000e712dfd37158
V  [libjvm.so+0x89af84]  JavaCalls::call_helper(JavaValue*, methodHandle const&, JavaCallArguments*, JavaThread*)+0x224
V  [libjvm.so+0x873e70]  InstanceKlass::call_class_initializer(JavaThread*)+0x250
V  [libjvm.so+0x874af0]  InstanceKlass::initialize_impl(JavaThread*)+0x4c0
V  [libjvm.so+0xe872e8]  Threads::initialize_java_lang_classes(JavaThread*, JavaThread*)+0xe8
V  [libjvm.so+0xe892fc]  Threads::create_vm(JavaVMInitArgs*, bool*)+0x3ac
V  [libjvm.so+0x93a254]  JNI_CreateJavaVM+0x84
C  [libjli.so+0x3df4]  JavaMain+0x84
C  [libjli.so+0x7570]  ThreadJavaMain+0x10
C  [libc.so.6+0x8595c]
Java frames: (J=compiled Java code, j=interpreted, Vv=VM code)
j  java.lang.System.registerNatives()V+0 java.base@21.0.6
j  java.lang.System.<clinit>()V+0 java.base@21.0.6
v  ~StubRoutines::call_stub 0x0000e712dfd37158

siginfo: si_signo: 4 (SIGILL), si_code: 1 (ILL_ILLOPC), si_addr: 0x0000e712dfd3fc5c

Registers:
R0=0x0000000000000000
R1=0x0000e712dfd3fc40
R2=0x0000e712f0019bf8
R3=0x0000001000618ea0
R4=0x000000009aeaffff
R5=0x000000000000ffff
R6=0x0000e712f5c64340
R7=0x000000000000000d
R8=0x0000000000000000
R9=0x000000000000000c
R10=0x000000000000000d
R11=0x0000001000484d20
R12=0x000000100001ae68
R13=0x00000010006435c0
R14=0x0000000000000000
R15=0x0000000000000000
R16=0x0000e712f5c46290
R17=0x0000e712f5f6a940
R18=0x000000100001ad50
R19=0x0000e712dfd3d8f0
R20=0x0000e712f43fe010
R21=0x0000e712f5cf12d0
R22=0x0000000000000000
R23=0x0000e712dfd3ea40
R24=0x0000e712f43fe098
R25=0x0000e712f43fe290
R26=0x0000001000003140
R27=0x0000000000000000
R28=0x0000e712f0018f90
R29=0x0000e712f43fe080
R30=0x0000e712dfd3fc40


Register to memory mapping:

R0 =0x0 is null
R1 =0x0000e712dfd3fc40 is at code_begin+896 in an Interpreter codelet
native method entry point (kind = native)  [0x0000e712dfd3f8c0, 0x0000e712dfd400c0]  2048 bytes
R2 =0x0000e712f0019bf8 points into unknown readable memory: 0x0000000000000105 | 05 01 00 00 00 00 00 00
R3 =0x0000001000618ea0 is pointing into metadata
R4 =0x000000009aeaffff is an unknown value
R5 =0x000000000000ffff is an unknown value
R6 =0x0000e712f5c64340: <offset 0x0000000001464340> in /usr/lib/jvm/java-21-openjdk-arm64/lib/server/libjvm.so at 0x0000e712f4800000
R7 =0x000000000000000d is an unknown value
R8 =0x0 is null
R9 =0x000000000000000c is an unknown value
R10=0x000000000000000d is an unknown value
R11=0x0000001000484d20 is pointing into metadata
R12={method} {0x000000100001ae68} 'registerNatives' '()V' in 'java/lang/System'
R13=0x00000010006435c0 is pointing into metadata
R14=0x0 is null
R15=0x0 is null
R16=0x0000e712f5c46290: <offset 0x0000000001446290> in /usr/lib/jvm/java-21-openjdk-arm64/lib/server/libjvm.so at 0x0000e712f4800000
R17=0x0000e712f5f6a940: __memcmpeq+0x0000000000000000 in /lib/aarch64-linux-gnu/libc.so.6 at 0x0000e712f5ed0000
R18={method} {0x000000100001ad50} 'arraycopy' '(Ljava/lang/Object;ILjava/lang/Object;II)V' in 'java/lang/System'
R19=0x0000e712dfd3d8f0 is at code_begin+48 in an Interpreter codelet
result handlers for native calls  [0x0000e712dfd3d8c0, 0x0000e712dfd3d908]  72 bytes
R20=0x0000e712f43fe010 is pointing into the stack for thread: 0x0000e712f0018f90
R21=0x0000e712f5cf12d0: <offset 0x00000000014f12d0> in /usr/lib/jvm/java-21-openjdk-arm64/lib/server/libjvm.so at 0x0000e712f4800000
R22=0x0 is null
R23=0x0000e712dfd3ea40 is at code_begin+0 in an Interpreter codelet
method entry point (kind = zerolocals)  [0x0000e712dfd3ea40, 0x0000e712dfd3edd8]  920 bytes
R24=0x0000e712f43fe098 is pointing into the stack for thread: 0x0000e712f0018f90
R25=0x0000e712f43fe290 is pointing into the stack for thread: 0x0000e712f0018f90
R26=0x0000001000003140 is pointing into metadata
R27=0x0 is null
R28=0x0000e712f0018f90 is a thread
R29=0x0000e712f43fe080 is pointing into the stack for thread: 0x0000e712f0018f90
R30=0x0000e712dfd3fc40 is at code_begin+896 in an Interpreter codelet
native method entry point (kind = native)  [0x0000e712dfd3f8c0, 0x0000e712dfd400c0]  2048 bytes
R31=0x0000e712f43fe010 is pointing into the stack for thread: 0x0000e712f0018f90

Top of Stack: (sp=0x0000e712f43fe010)
0x0000e712f43fe010:   0000000000000000 0000000000000000
0x0000e712f43fe020:   ff000000ffffff00 003fe712dfd3fc40
0x0000e712f43fe030:   0000e712f43fe030 0000000000000000
0x0000e712f43fe040:   0000000000000003 0000001000003140
0x0000e712f43fe050:   00000000ffe7fdd0 0000e712f43fe020
0x0000e712f43fe060:   0000000000000000 000000100001ae68
0x0000e712f43fe070:   0000000000000000 0000e712f43fe080
0x0000e712f43fe080:   0000e712f43fe0f0 0000e712dfd3c17c
0x0000e712f43fe090:   0000000000000000 00000000ffe7fdd0
0x0000e712f43fe0a0:   0000e712f43fe0a0 0000001000643cb8
0x0000e712f43fe0b0:   0000000000000001 0000001000003140
0x0000e712f43fe0c0:   00000000ffe7fdd0 0000e712f43fe080
0x0000e712f43fe0d0:   0000000000000000 000000100001aa60
0x0000e712f43fe0e0:   0000e712f43fe0a0 0000e712f43fe100
0x0000e712f43fe0f0:   0000e712f43fe1e0 0000e712dfd37158
0x0000e712f43fe100:   0000000000000000 0000e712f00196f0
0x0000e712f43fe110:   0000000000000000 0000000000000000
0x0000e712f43fe120:   0000000000000000 0000000000000000
0x0000e712f43fe130:   0000000000000000 0000000000000000
0x0000e712f43fe140:   0000000000000000 0000000000000000
0x0000e712f43fe150:   0000e712f43fe350 000000000000000a
0x0000e712f43fe160:   0000e712f43fe258 0000e712f43fe290
0x0000e712f43fe170:   000000000000000e 0000e712dfd3ea40
0x0000e712f43fe180:   0000e712f43fe328 0000e712f43fe348
0x0000e712f43fe190:   0000e712f43fe310 0000e712f0018f90
0x0000e712f43fe1a0:   0000e712f43fe290 0000e712f43fe328
0x0000e712f43fe1b0:   000000000000000a 000000100001aa60
0x0000e712f43fe1c0:   0000e712dfd3ea40 0000e712f43fe350
0x0000e712f43fe1d0:   0000e71200000000 0000e712f0018f90
0x0000e712f43fe1e0:   0000e712f43fe1f0 0000e712f509af84
0x0000e712f43fe1f0:   0000e712f43fe2d0 0077e712f5073e70
0x0000e712f43fe200:   0000e712f0018f90 0000e712f43fe310 

Instructions: (pc=0x0000e712dfd3fc5c)
0x0000e712dfd3fb5c:   b8 6f 38 8b 91 31 40 f9 20 02 3f d6 ac 83 5e f8
0x0000e712dfd3fb6c:   f3 03 00 aa 91 29 40 b9 11 01 18 36 91 05 40 f9
0x0000e712dfd3fb7c:   31 06 40 f9 31 0e 40 f9 31 3a 40 f9 31 02 40 f9
0x0000e712dfd3fb8c:   b1 0f 00 f9 a1 63 00 91 8a 2d 40 f9 09 90 9c d2
0x0000e712dfd3fb9c:   e9 a9 be f2 49 e2 dc f2 29 01 40 f9 5f 01 09 eb
0x0000e712dfd3fbac:   81 03 00 54 e1 03 0c aa b6 83 1b f8 e0 03 1c aa
0x0000e712dfd3fbbc:   28 01 00 10 88 d3 01 f9 94 cf 01 f9 9d d7 01 f9
0x0000e712dfd3fbcc:   e8 33 bf a9 08 98 82 d2 28 a1 be f2 48 e2 dc f2
0x0000e712dfd3fbdc:   00 01 3f d6 e8 33 c1 a8 fe ff ff 10 9f cf 01 f9
0x0000e712dfd3fbec:   9f d7 01 f9 9f d3 01 f9 88 07 40 f9 a8 00 00 b4
0x0000e712dfd3fbfc:   08 10 8e d2 68 fa bb f2 48 e2 dc f2 00 01 1f d6
0x0000e712dfd3fc0c:   b6 e3 7b a9 b8 6f 38 8b ac 83 5e f8 8a 2d 40 f9
0x0000e712dfd3fc1c:   80 e3 0e 91 08 01 00 10 88 d3 01 f9 94 cf 01 f9
0x0000e712dfd3fc2c:   9d d7 01 f9 e8 03 7e b2 89 13 11 91 28 fd 9f 88
0x0000e712dfd3fc3c:   40 01 3f d6 ac 83 5e f8 88 82 00 d1 1f ed 7c 92
0x0000e712dfd3fc4c:   80 0e 1f fc 9f 8e 1f f8 80 8e 1f f8 e8 03 1f 2a
0x0000e712dfd3fc5c:   e8 e3 30 04 1f 05 00 31 80 00 00 54 c1 d5 bb d4
0x0000e712dfd3fc6c:   60 78 85 f5 12 e7 00 00 a8 00 80 d2 89 13 11 91
0x0000e712dfd3fc7c:   28 fd 9f 88 bf 3b 03 d5 88 23 11 91 08 fd df c8
0x0000e712dfd3fc8c:   bf 03 08 eb 68 00 00 54 89 43 44 b9 69 01 00 b4
0x0000e712dfd3fc9c:   e0 03 1c aa 09 02 88 d2 69 a1 be f2 49 e2 dc f2
0x0000e712dfd3fcac:   20 01 3f d6 ac 83 5e f8 1b f0 88 d2 bb b8 be f2
0x0000e712dfd3fcbc:   5b e2 dc f2 7b 03 40 f9 e8 03 7d b2 89 13 11 91
0x0000e712dfd3fccc:   28 fd 9f 88 9f cf 01 f9 9f d7 01 f9 9f d3 01 f9
0x0000e712dfd3fcdc:   91 17 42 f9 3f 82 00 f9 d1 e0 fe 10 3f 02 13 eb
0x0000e712dfd3fcec:   a1 08 00 54 80 06 41 f8 00 08 00 b4 1f 04 40 f2
0x0000e712dfd3fcfc:   61 00 00 54 00 00 40 f9 3c 00 00 14 60 00 00 37
0x0000e712dfd3fd0c:   00 e0 5f f8 39 00 00 14 00 f0 5f f8 fd 7b bf a9
0x0000e712dfd3fd1c:   fd 03 00 91 91 03 41 39 51 06 00 34 20 06 00 b4
0x0000e712dfd3fd2c:   91 17 40 f9 f1 00 00 b4 31 22 00 d1 91 17 00 f9
0x0000e712dfd3fd3c:   89 1f 40 f9 31 02 09 8b 20 02 00 f9 29 00 00 14
0x0000e712dfd3fd4c:   e0 07 b7 a9 e2 0f 01 a9 e4 17 02 a9 e6 1f 03 a9 


Stack slot to memory mapping:

stack at sp + 0 slots: 0x0 is null
stack at sp + 1 slots: 0x0 is null
stack at sp + 2 slots: 0xff000000ffffff00 points into unknown readable memory: 0x0000000000000000 | 00 00 00 00 00 00 00 00
stack at sp + 3 slots: 0x003fe712dfd3fc40 is an unknown value
stack at sp + 4 slots: 0x0000e712f43fe030 is pointing into the stack for thread: 0x0000e712f0018f90
stack at sp + 5 slots: 0x0 is null
stack at sp + 6 slots: 0x0000000000000003 is an unknown value
stack at sp + 7 slots: 0x0000001000003140 is pointing into metadata

native method entry point (kind = native)  [0x0000e712dfd3f8c0, 0x0000e712dfd400c0]  2048 bytes
[MachCode]
  0x0000e712dfd3f8c0: 8205 40f9 | 425c 4079 | 986e 228b | 1823 00d1 | 9fee 7c92 | f4c3 01d1 | f603 1faa | f47f b9a9 
  0x0000e712dfd3f8e0: ff7f 06a9 | 8809 40f9 | 4800 00b4 | 08e1 0491 | e833 03a9 | fd7b 05a9 | fd43 0191 | 9a05 40f9 
  0x0000e712dfd3f900: 5a07 40f9 | 5a0b 40f9 | 0803 1dcb | 08fd 43d3 | e86b 01a9 | ff4f 04a9 | 8a05 40f9 | 4a05 40f9 
  0x0000e712dfd3f920: 4a0d 40f9 | 4a39 40f9 | 4a01 40f9 | e843 00d1 | ea23 02a9 | 1f01 0091 | e903 40b2 | 89c7 1139 
  0x0000e712dfd3f940: 8009 40f9 | 0001 00b4 | 08fc 40b9 | 0809 0091 | 08fc 00b9 | 0910 41b9 | 0801 09ea | c037 0054 
  0x0000e712dfd3f960: 2400 0014 | 890d 40f9 | 8903 00b5 | e103 0caa | b683 1bf8 | e003 1caa | 2801 0010 | 88d3 01f9 
  0x0000e712dfd3f980: 94cf 01f9 | 9dd7 01f9 | e833 bfa9 | 0872 9dd2 | 08a1 bef2 | 48e2 dcf2 | 0001 3fd6 | e833 c1a8 
  0x0000e712dfd3f9a0: feff ff10 | 9fcf 01f9 | 9fd7 01f9 | 9fd3 01f9 | 8807 40f9 | a800 00b4 | 0810 8ed2 | 68fa bbf2 
  0x0000e712dfd3f9c0: 48e2 dcf2 | 0001 1fd6 | b6e3 7ba9 | b86f 388b | 890d 40f9 | e900 00b4 | 2809 40b9 | 0809 0091 
  0x0000e712dfd3f9e0: 2809 00b9 | 211d 40b9 | 0801 01ea | 4033 0054 | 8873 42f9 | ff63 28eb | c805 0054 | e907 40d1 
  0x0000e712dfd3fa00: 3f01 00f9 | e90b 40d1 | 3f01 00f9 | e90f 40d1 | 3f01 00f9 | e913 40d1 | 3f01 00f9 | e917 40d1 
  0x0000e712dfd3fa20: 3f01 00f9 | e91b 40d1 | 3f01 00f9 | e91f 40d1 | 3f01 00f9 | e923 40d1 | 3f01 00f9 | e927 40d1 
  0x0000e712dfd3fa40: 3f01 00f9 | e92b 40d1 | 3f01 00f9 | e92f 40d1 | 3f01 00f9 | e933 40d1 | 3f01 00f9 | e937 40d1 
  0x0000e712dfd3fa60: 3f01 00f9 | e93b 40d1 | 3f01 00f9 | e93f 40d1 | 3f01 00f9 | e943 40d1 | 3f01 00f9 | e947 40d1 
  0x0000e712dfd3fa80: 3f01 00f9 | e94b 40d1 | 3f01 00f9 | e94f 40d1 | 3f01 00f9 | e953 40d1 | 3f01 00f9 | 886f 42f9 
  0x0000e712dfd3faa0: ff63 28eb | 6900 0054 | e803 0091 | 8873 02f9 | 9fc7 1139 | c8fa 0a90 | 0895 4e39 | 2801 0034 
  0x0000e712dfd3fac0: a183 5ef8 | e003 1caa | e833 bfa9 | 08dc 9fd2 | e8a9 bef2 | 48e2 dcf2 | 0001 3fd6 | e833 c1a8 
  0x0000e712dfd3fae0: 9105 40f9 | 315e 4079 | 886e 31cb | 1fed 7c92 | f403 08aa | 9131 40f9 | 7103 00b5 | e103 0caa 
  0x0000e712dfd3fb00: b683 1bf8 | e003 1caa | 2801 0010 | 88d3 01f9 | 94cf 01f9 | 9dd7 01f9 | e833 bfa9 | 0898 82d2 
  0x0000e712dfd3fb20: 28a1 bef2 | 48e2 dcf2 | 0001 3fd6 | e833 c1a8 | feff ff10 | 9fcf 01f9 | 9fd7 01f9 | 9fd3 01f9 
  0x0000e712dfd3fb40: 8807 40f9 | a800 00b4 | 0810 8ed2 | 68fa bbf2 | 48e2 dcf2 | 0001 1fd6 | b6e3 7ba9 | b86f 388b 
  0x0000e712dfd3fb60: 9131 40f9 | 2002 3fd6 | ac83 5ef8 | f303 00aa | 9129 40b9 | 1101 1836 | 9105 40f9 | 3106 40f9 
  0x0000e712dfd3fb80: 310e 40f9 | 313a 40f9 | 3102 40f9 | b10f 00f9 | a163 0091 | 8a2d 40f9 | 0990 9cd2 | e9a9 bef2 
  0x0000e712dfd3fba0: 49e2 dcf2 | 2901 40f9 | 5f01 09eb | 8103 0054 | e103 0caa | b683 1bf8 | e003 1caa | 2801 0010 
  0x0000e712dfd3fbc0: 88d3 01f9 | 94cf 01f9 | 9dd7 01f9 | e833 bfa9 | 0898 82d2 | 28a1 bef2 | 48e2 dcf2 | 0001 3fd6 
  0x0000e712dfd3fbe0: e833 c1a8 | feff ff10 | 9fcf 01f9 | 9fd7 01f9 | 9fd3 01f9 | 8807 40f9 | a800 00b4 | 0810 8ed2 
  0x0000e712dfd3fc00: 68fa bbf2 | 48e2 dcf2 | 0001 1fd6 | b6e3 7ba9 | b86f 388b | ac83 5ef8 | 8a2d 40f9 | 80e3 0e91 
  0x0000e712dfd3fc20: 0801 0010 | 88d3 01f9 | 94cf 01f9 | 9dd7 01f9 | e803 7eb2 | 8913 1191 | 28fd 9f88 | 4001 3fd6 
  0x0000e712dfd3fc40: ac83 5ef8 | 8882 00d1 | 1fed 7c92 | 800e 1ffc | 9f8e 1ff8 | 808e 1ff8 | e803 1f2a | e8e3 3004 
  0x0000e712dfd3fc60: 1f05 0031 | 8000 0054 | c1d5 bbd4 | 6078 85f5 | 12e7 0000 | a800 80d2 | 8913 1191 | 28fd 9f88 
  0x0000e712dfd3fc80: bf3b 03d5 | 8823 1191 | 08fd dfc8 | bf03 08eb | 6800 0054 | 8943 44b9 | 6901 00b4 | e003 1caa 
  0x0000e712dfd3fca0: 0902 88d2 | 69a1 bef2 | 49e2 dcf2 | 2001 3fd6 | ac83 5ef8 | 1bf0 88d2 | bbb8 bef2 | 5be2 dcf2 
  0x0000e712dfd3fcc0: 7b03 40f9 | e803 7db2 | 8913 1191 | 28fd 9f88 | 9fcf 01f9 | 9fd7 01f9 | 9fd3 01f9 | 9117 42f9 
  0x0000e712dfd3fce0: 3f82 00f9 | d1e0 fe10 | 3f02 13eb | a108 0054 | 8006 41f8 | 0008 00b4 | 1f04 40f2 | 6100 0054 
  0x0000e712dfd3fd00: 0000 40f9 | 3c00 0014 | 6000 0037 | 00e0 5ff8 | 3900 0014 | 00f0 5ff8 | fd7b bfa9 | fd03 0091 
  0x0000e712dfd3fd20: 9103 4139 | 5106 0034 | 2006 00b4 | 9117 40f9 | f100 00b4 | 3122 00d1 | 9117 00f9 | 891f 40f9 
  0x0000e712dfd3fd40: 3102 098b | 2002 00f9 | 2900 0014 | e007 b7a9 | e20f 01a9 | e417 02a9 | e61f 03a9 | ea2f 04a9 
  0x0000e712dfd3fd60: ec37 05a9 | ee3f 06a9 | f047 07a9 | f27f 08a9 | ff83 00d1 | e8eb 7bb2 | fc2f 880c | f82f 880c 
  0x0000e712dfd3fd80: f42f 880c | f02f 880c | e42f 880c | e02f 000c | e103 1caa | e833 bfa9 | 08b4 9fd2 | 689e bef2 
  0x0000e712dfd3fda0: 48e2 dcf2 | 0001 3fd6 | e833 c1a8 | e02f df0c | e42f df0c | f02f df0c | f42f df0c | f82f df0c 
  0x0000e712dfd3fdc0: fc2f df0c | e7e3 1825 | e20f 41a9 | e417 42a9 | e61f 43a9 | ea2f 44a9 | ec37 45a9 | ee3f 46a9 
  0x0000e712dfd3fde0: f047 47a9 | f27f 48a9 | e007 c9a8 | bf03 0091 | fd7b c1a8 | a00f 00f9 | 9f8e 1ff8 | 808e 1ff8 
  0x0000e712dfd3fe00: 8803 1391 | 0801 40b9 | 1f09 00f1 | e104 0054 | e007 b7a9 | e20f 01a9 | e417 02a9 | e61f 03a9 
  0x0000e712dfd3fe20: ea2f 04a9 | ec37 05a9 | ee3f 06a9 | f047 07a9 | f27f 08a9 | ff83 00d1 | e8eb 7bb2 | fc2f 880c 
  0x0000e712dfd3fe40: f82f 880c | f42f 880c | f02f 880c | e42f 880c | e02f 000c | e003 1caa | 09d6 81d2 | 09aa bef2 
  0x0000e712dfd3fe60: 49e2 dcf2 | 2001 3fd6 | e02f df0c | e42f df0c | f02f df0c | f42f df0c | f82f df0c | fc2f df0c 
  0x0000e712dfd3fe80: e7e3 1825 | e20f 41a9 | e417 42a9 | e61f 43a9 | ea2f 44a9 | ec37 45a9 | ee3f 46a9 | f047 47a9 
  0x0000e712dfd3fea0: f27f 48a9 | e007 c9a8 | ac83 5ef8 | 9605 40f9 | d6e2 0091 | 8807 40f9 | 8803 00b4 | b683 1bf8 
  0x0000e712dfd3fec0: e003 1caa | 2801 0010 | 88d3 01f9 | 94cf 01f9 | 9dd7 01f9 | e833 bfa9 | 0850 9bd2 | 08a1 bef2 
  0x0000e712dfd3fee0: 48e2 dcf2 | 0001 3fd6 | e833 c1a8 | feff ff10 | 9fcf 01f9 | 9fd7 01f9 | 9fd3 01f9 | 8807 40f9 
  0x0000e712dfd3ff00: a800 00b4 | 0810 8ed2 | 68fa bbf2 | 48e2 dcf2 | 0001 1fd6 | b6e3 7ba9 | b86f 388b | c1d5 bbd4 
  0x0000e712dfd3ff20: 403b 80f5 | 12e7 0000 | 9129 40b9 | f106 2836 | a183 01d1 | 3104 40f9 | 9103 00b5 | b683 1bf8 
  0x0000e712dfd3ff40: e003 1caa | 2801 0010 | 88d3 01f9 | 94cf 01f9 | 9dd7 01f9 | e833 bfa9 | 886e 9cd2 | 08a1 bef2 
  0x0000e712dfd3ff60: 48e2 dcf2 | 0001 3fd6 | e833 c1a8 | feff ff10 | 9fcf 01f9 | 9fd7 01f9 | 9fd3 01f9 | 8807 40f9 
  0x0000e712dfd3ff80: a800 00b4 | 0810 8ed2 | 68fa bbf2 | 48e2 dcf2 | 0001 1fd6 | b6e3 7ba9 | b86f 388b | c1d5 bbd4 
  0x0000e712dfd3ffa0: 403b 80f5 | 12e7 0000 | b683 1bf8 | 2000 00d1 | 2304 40f9 | 3f04 00f9 | 0200 40f9 | e201 00b4 
  0x0000e712dfd3ffc0: e803 00aa | 62fc e0c8 | 1f01 00eb | 6001 0054 | bf3b 03d5 | 2304 00f9 | e003 01aa | e833 bfa9 
  0x0000e712dfd3ffe0: 8858 9cd2 | 08a1 bef2 | 48e2 dcf2 | 0001 3fd6 | e833 c1a8 | 0400 0014 | 88a7 42f9 | 0805 00d1 
  0x0000e712dfd40000: 88a7 02f9 | b683 5bf8 | a8fa 0af0 | 0895 4e39 | 2801 0034 | a183 5ef8 | e003 1caa | e833 bfa9 
  0x0000e712dfd40020: 88fe 9fd2 | e8a9 bef2 | 48e2 dcf2 | 0001 3fd6 | e833 c1a8 | 8006 41f8 | 8006 41fc | 6002 3fd6 
  0x0000e712dfd40040: b483 5ff8 | bf03 0091 | fd7b c1a8 | 9f02 0091 | c003 5fd6 | 0100 80d2 | b683 1bf8 | e003 1caa 
  0x0000e712dfd40060: 2801 0010 | 88d3 01f9 | 94cf 01f9 | 9dd7 01f9 | e833 bfa9 | 0878 83d2 | 28a1 bef2 | 48e2 dcf2 
  0x0000e712dfd40080: 0001 3fd6 | e833 c1a8 | feff ff10 | 9fcf 01f9 | 9fd7 01f9 | 9fd3 01f9 | 8807 40f9 | a800 00b4 
  0x0000e712dfd400a0: 0810 8ed2 | 68fa bbf2 | 48e2 dcf2 | 0001 1fd6 | b6e3 7ba9 | b86f 388b | 4efe ff17 | 1f20 03d5 
[/MachCode]

---------------  P R O C E S S  ---------------

Threads class SMR info:
_java_thread_list=0x0000e712f00b1820, length=1, elements={
0x0000e712f0018f90
}

Java Threads: ( => current thread )
=>0x0000e712f0018f90 JavaThread "Unknown thread"             [_thread_in_native, id=5557, stack(0x0000e712f4202000,0x0000e712f4400000) (2040K)]
Total: 1

Other Threads:
  0x0000e712f00c24d0 VMThread "VM Thread"                           [id=5564, stack(0x0000e712cf410000,0x0000e712cf60e000) (2040K)]
  0x0000e712f00b0930 WatcherThread "VM Periodic Task Thread"        [id=5563, stack(0x0000e712cf810000,0x0000e712cfa0e000) (2040K)]
  0x0000e712f0052280 WorkerThread "GC Thread#0"                     [id=5558, stack(0x0000e712d6e10000,0x0000e712d700e000) (2040K)]
  0x0000e712f005b120 ConcurrentGCThread "G1 Main Marker"            [id=5559, stack(0x0000e712d6a10000,0x0000e712d6c0e000) (2040K)]
  0x0000e712f005c0e0 WorkerThread "G1 Conc#0"                       [id=5560, stack(0x0000e712d6610000,0x0000e712d680e000) (2040K)]
  0x0000e712f0096d40 ConcurrentGCThread "G1 Refine#0"               [id=5561, stack(0x0000e712d4210000,0x0000e712d440e000) (2040K)]
  0x0000e712f0097d20 ConcurrentGCThread "G1 Service"                [id=5562, stack(0x0000e712cfc10000,0x0000e712cfe0e000) (2040K)]
Total: 7

Threads with active compile tasks:
Total: 0

VM state: not at safepoint (normal execution)

VM Mutex/Monitor currently owned by a thread: None

Heap address: 0x00000000c3000000, size: 976 MB, Compressed Oops mode: 32-bit

CDS archive(s) mapped at: [0x0000001000000000-0x0000001000ca0000-0x0000001000ca0000), size 13238272, SharedBaseAddress: 0x0000001000000000, ArchiveRelocationMode: 1.
Compressed class space mapped at: 0x0000001001000000-0x0000001041000000, reserved size: 1073741824
Narrow klass base: 0x0000001000000000, Narrow klass shift: 0, Narrow klass range: 0x100000000

GC Precious Log:
 CardTable entry size: 512
 Card Set container configuration: InlinePtr #cards 5 size 8 Array Of Cards #cards 12 size 40 Howl #buckets 4 coarsen threshold 1843 Howl Bitmap #cards 512 size 80 coarsen threshold 460 Card regions per heap region 1 cards per card region 2048
 CPUs: 4 total, 4 available
 Memory: 3902M
 Large Page Support: Disabled
 NUMA Support: Disabled
 Compressed Oops: Enabled (32-bit)
 Heap Region Size: 1M
 Heap Min Capacity: 8M
 Heap Initial Capacity: 62M
 Heap Max Capacity: 976M
 Pre-touch: Disabled
 Parallel Workers: 4
 Concurrent Workers: 1
 Concurrent Refinement Workers: 4
 Periodic GC: Disabled

Heap:
 garbage-first heap   total 65536K, used 1073K [0x00000000c3000000, 0x0000000100000000)
  region size 1024K, 1 young (1024K), 0 survivors (0K)
 Metaspace       used 1K, committed 128K, reserved 1114112K
  class space    used 0K, committed 64K, reserved 1048576K

Heap Regions: E=young(eden), S=young(survivor), O=old, HS=humongous(starts), HC=humongous(continues), CS=collection set, F=free, TAMS=top-at-mark-start, PB=parsable bottom
|   0|0x00000000c3000000, 0x00000000c3000000, 0x00000000c3100000|  0%| F|  |TAMS 0x00000000c3000000| PB 0x00000000c3000000| Untracked 
|   1|0x00000000c3100000, 0x00000000c3100000, 0x00000000c3200000|  0%| F|  |TAMS 0x00000000c3100000| PB 0x00000000c3100000| Untracked 
|   2|0x00000000c3200000, 0x00000000c3200000, 0x00000000c3300000|  0%| F|  |TAMS 0x00000000c3200000| PB 0x00000000c3200000| Untracked 
|   3|0x00000000c3300000, 0x00000000c3300000, 0x00000000c3400000|  0%| F|  |TAMS 0x00000000c3300000| PB 0x00000000c3300000| Untracked 
|   4|0x00000000c3400000, 0x00000000c3400000, 0x00000000c3500000|  0%| F|  |TAMS 0x00000000c3400000| PB 0x00000000c3400000| Untracked 
|   5|0x00000000c3500000, 0x00000000c3500000, 0x00000000c3600000|  0%| F|  |TAMS 0x00000000c3500000| PB 0x00000000c3500000| Untracked 
|   6|0x00000000c3600000, 0x00000000c3600000, 0x00000000c3700000|  0%| F|  |TAMS 0x00000000c3600000| PB 0x00000000c3600000| Untracked 
|   7|0x00000000c3700000, 0x00000000c3700000, 0x00000000c3800000|  0%| F|  |TAMS 0x00000000c3700000| PB 0x00000000c3700000| Untracked 
|   8|0x00000000c3800000, 0x00000000c3800000, 0x00000000c3900000|  0%| F|  |TAMS 0x00000000c3800000| PB 0x00000000c3800000| Untracked 
|   9|0x00000000c3900000, 0x00000000c3900000, 0x00000000c3a00000|  0%| F|  |TAMS 0x00000000c3900000| PB 0x00000000c3900000| Untracked 
|  10|0x00000000c3a00000, 0x00000000c3a00000, 0x00000000c3b00000|  0%| F|  |TAMS 0x00000000c3a00000| PB 0x00000000c3a00000| Untracked 
|  11|0x00000000c3b00000, 0x00000000c3b00000, 0x00000000c3c00000|  0%| F|  |TAMS 0x00000000c3b00000| PB 0x00000000c3b00000| Untracked 
|  12|0x00000000c3c00000, 0x00000000c3c00000, 0x00000000c3d00000|  0%| F|  |TAMS 0x00000000c3c00000| PB 0x00000000c3c00000| Untracked 
|  13|0x00000000c3d00000, 0x00000000c3d00000, 0x00000000c3e00000|  0%| F|  |TAMS 0x00000000c3d00000| PB 0x00000000c3d00000| Untracked 
|  14|0x00000000c3e00000, 0x00000000c3e00000, 0x00000000c3f00000|  0%| F|  |TAMS 0x00000000c3e00000| PB 0x00000000c3e00000| Untracked 
|  15|0x00000000c3f00000, 0x00000000c3f00000, 0x00000000c4000000|  0%| F|  |TAMS 0x00000000c3f00000| PB 0x00000000c3f00000| Untracked 
|  16|0x00000000c4000000, 0x00000000c4000000, 0x00000000c4100000|  0%| F|  |TAMS 0x00000000c4000000| PB 0x00000000c4000000| Untracked 
|  17|0x00000000c4100000, 0x00000000c4100000, 0x00000000c4200000|  0%| F|  |TAMS 0x00000000c4100000| PB 0x00000000c4100000| Untracked 
|  18|0x00000000c4200000, 0x00000000c4200000, 0x00000000c4300000|  0%| F|  |TAMS 0x00000000c4200000| PB 0x00000000c4200000| Untracked 
|  19|0x00000000c4300000, 0x00000000c4300000, 0x00000000c4400000|  0%| F|  |TAMS 0x00000000c4300000| PB 0x00000000c4300000| Untracked 
|  20|0x00000000c4400000, 0x00000000c4400000, 0x00000000c4500000|  0%| F|  |TAMS 0x00000000c4400000| PB 0x00000000c4400000| Untracked 
|  21|0x00000000c4500000, 0x00000000c4500000, 0x00000000c4600000|  0%| F|  |TAMS 0x00000000c4500000| PB 0x00000000c4500000| Untracked 
|  22|0x00000000c4600000, 0x00000000c4600000, 0x00000000c4700000|  0%| F|  |TAMS 0x00000000c4600000| PB 0x00000000c4600000| Untracked 
|  23|0x00000000c4700000, 0x00000000c4700000, 0x00000000c4800000|  0%| F|  |TAMS 0x00000000c4700000| PB 0x00000000c4700000| Untracked 
|  24|0x00000000c4800000, 0x00000000c4800000, 0x00000000c4900000|  0%| F|  |TAMS 0x00000000c4800000| PB 0x00000000c4800000| Untracked 
|  25|0x00000000c4900000, 0x00000000c4900000, 0x00000000c4a00000|  0%| F|  |TAMS 0x00000000c4900000| PB 0x00000000c4900000| Untracked 
|  26|0x00000000c4a00000, 0x00000000c4a00000, 0x00000000c4b00000|  0%| F|  |TAMS 0x00000000c4a00000| PB 0x00000000c4a00000| Untracked 
|  27|0x00000000c4b00000, 0x00000000c4b00000, 0x00000000c4c00000|  0%| F|  |TAMS 0x00000000c4b00000| PB 0x00000000c4b00000| Untracked 
|  28|0x00000000c4c00000, 0x00000000c4c00000, 0x00000000c4d00000|  0%| F|  |TAMS 0x00000000c4c00000| PB 0x00000000c4c00000| Untracked 
|  29|0x00000000c4d00000, 0x00000000c4d00000, 0x00000000c4e00000|  0%| F|  |TAMS 0x00000000c4d00000| PB 0x00000000c4d00000| Untracked 
|  30|0x00000000c4e00000, 0x00000000c4e00000, 0x00000000c4f00000|  0%| F|  |TAMS 0x00000000c4e00000| PB 0x00000000c4e00000| Untracked 
|  31|0x00000000c4f00000, 0x00000000c4f00000, 0x00000000c5000000|  0%| F|  |TAMS 0x00000000c4f00000| PB 0x00000000c4f00000| Untracked 
|  32|0x00000000c5000000, 0x00000000c5000000, 0x00000000c5100000|  0%| F|  |TAMS 0x00000000c5000000| PB 0x00000000c5000000| Untracked 
|  33|0x00000000c5100000, 0x00000000c5100000, 0x00000000c5200000|  0%| F|  |TAMS 0x00000000c5100000| PB 0x00000000c5100000| Untracked 
|  34|0x00000000c5200000, 0x00000000c5200000, 0x00000000c5300000|  0%| F|  |TAMS 0x00000000c5200000| PB 0x00000000c5200000| Untracked 
|  35|0x00000000c5300000, 0x00000000c5300000, 0x00000000c5400000|  0%| F|  |TAMS 0x00000000c5300000| PB 0x00000000c5300000| Untracked 
|  36|0x00000000c5400000, 0x00000000c5400000, 0x00000000c5500000|  0%| F|  |TAMS 0x00000000c5400000| PB 0x00000000c5400000| Untracked 
|  37|0x00000000c5500000, 0x00000000c5500000, 0x00000000c5600000|  0%| F|  |TAMS 0x00000000c5500000| PB 0x00000000c5500000| Untracked 
|  38|0x00000000c5600000, 0x00000000c5600000, 0x00000000c5700000|  0%| F|  |TAMS 0x00000000c5600000| PB 0x00000000c5600000| Untracked 
|  39|0x00000000c5700000, 0x00000000c5700000, 0x00000000c5800000|  0%| F|  |TAMS 0x00000000c5700000| PB 0x00000000c5700000| Untracked 
|  40|0x00000000c5800000, 0x00000000c5800000, 0x00000000c5900000|  0%| F|  |TAMS 0x00000000c5800000| PB 0x00000000c5800000| Untracked 
|  41|0x00000000c5900000, 0x00000000c5900000, 0x00000000c5a00000|  0%| F|  |TAMS 0x00000000c5900000| PB 0x00000000c5900000| Untracked 
|  42|0x00000000c5a00000, 0x00000000c5a00000, 0x00000000c5b00000|  0%| F|  |TAMS 0x00000000c5a00000| PB 0x00000000c5a00000| Untracked 
|  43|0x00000000c5b00000, 0x00000000c5b00000, 0x00000000c5c00000|  0%| F|  |TAMS 0x00000000c5b00000| PB 0x00000000c5b00000| Untracked 
|  44|0x00000000c5c00000, 0x00000000c5c00000, 0x00000000c5d00000|  0%| F|  |TAMS 0x00000000c5c00000| PB 0x00000000c5c00000| Untracked 
|  45|0x00000000c5d00000, 0x00000000c5d00000, 0x00000000c5e00000|  0%| F|  |TAMS 0x00000000c5d00000| PB 0x00000000c5d00000| Untracked 
|  46|0x00000000c5e00000, 0x00000000c5e00000, 0x00000000c5f00000|  0%| F|  |TAMS 0x00000000c5e00000| PB 0x00000000c5e00000| Untracked 
|  47|0x00000000c5f00000, 0x00000000c5f00000, 0x00000000c6000000|  0%| F|  |TAMS 0x00000000c5f00000| PB 0x00000000c5f00000| Untracked 
|  48|0x00000000c6000000, 0x00000000c6000000, 0x00000000c6100000|  0%| F|  |TAMS 0x00000000c6000000| PB 0x00000000c6000000| Untracked 
|  49|0x00000000c6100000, 0x00000000c6100000, 0x00000000c6200000|  0%| F|  |TAMS 0x00000000c6100000| PB 0x00000000c6100000| Untracked 
|  50|0x00000000c6200000, 0x00000000c6200000, 0x00000000c6300000|  0%| F|  |TAMS 0x00000000c6200000| PB 0x00000000c6200000| Untracked 
|  51|0x00000000c6300000, 0x00000000c6300000, 0x00000000c6400000|  0%| F|  |TAMS 0x00000000c6300000| PB 0x00000000c6300000| Untracked 
|  52|0x00000000c6400000, 0x00000000c6400000, 0x00000000c6500000|  0%| F|  |TAMS 0x00000000c6400000| PB 0x00000000c6400000| Untracked 
|  53|0x00000000c6500000, 0x00000000c6500000, 0x00000000c6600000|  0%| F|  |TAMS 0x00000000c6500000| PB 0x00000000c6500000| Untracked 
|  54|0x00000000c6600000, 0x00000000c6600000, 0x00000000c6700000|  0%| F|  |TAMS 0x00000000c6600000| PB 0x00000000c6600000| Untracked 
|  55|0x00000000c6700000, 0x00000000c6700000, 0x00000000c6800000|  0%| F|  |TAMS 0x00000000c6700000| PB 0x00000000c6700000| Untracked 
|  56|0x00000000c6800000, 0x00000000c6800000, 0x00000000c6900000|  0%| F|  |TAMS 0x00000000c6800000| PB 0x00000000c6800000| Untracked 
|  57|0x00000000c6900000, 0x00000000c6900000, 0x00000000c6a00000|  0%| F|  |TAMS 0x00000000c6900000| PB 0x00000000c6900000| Untracked 
|  58|0x00000000c6a00000, 0x00000000c6a00000, 0x00000000c6b00000|  0%| F|  |TAMS 0x00000000c6a00000| PB 0x00000000c6a00000| Untracked 
|  59|0x00000000c6b00000, 0x00000000c6b00000, 0x00000000c6c00000|  0%| F|  |TAMS 0x00000000c6b00000| PB 0x00000000c6b00000| Untracked 
|  60|0x00000000c6c00000, 0x00000000c6c00000, 0x00000000c6d00000|  0%| F|  |TAMS 0x00000000c6c00000| PB 0x00000000c6c00000| Untracked 
|  61|0x00000000c6d00000, 0x00000000c6d42900, 0x00000000c6e00000| 26%| E|  |TAMS 0x00000000c6d00000| PB 0x00000000c6d00000| Complete 
| 974|0x00000000ffe00000, 0x00000000fff00000, 0x00000000fff00000|100%| O|  |TAMS 0x00000000ffe00000| PB 0x00000000ffe00000| Untracked 
| 975|0x00000000fff00000, 0x00000000fff0c710, 0x0000000100000000|  4%| O|  |TAMS 0x00000000fff00000| PB 0x00000000fff00000| Untracked 

Card table byte_map: [0x0000e712d822e000,0x0000e712d8416000] _byte_map_base: 0x0000e712d7c16000

Marking Bits: (CMBitMap*) 0x0000e712f0052dc0
 Bits: [0x0000e712d7200000, 0x0000e712d8140000)

Polling page: 0x0000e712f6128000

Metaspace:

Usage:
  Non-class:    304 bytes used.
      Class:    976 bytes used.
       Both:      1.25 KB used.

Virtual space:
  Non-class space:       64.00 MB reserved,      64.00 KB ( <1%) committed,  1 nodes.
      Class space:        1.00 GB reserved,      64.00 KB ( <1%) committed,  1 nodes.
             Both:        1.06 GB reserved,     128.00 KB ( <1%) committed. 

Chunk freelists:
   Non-Class:  12.00 MB
       Class:  15.75 MB
        Both:  27.75 MB

MaxMetaspaceSize: unlimited
CompressedClassSpaceSize: 1.00 GB
Initial GC threshold: 21.00 MB
Current GC threshold: 17179869184.00 GB
CDS: on
 - commit_granule_bytes: 65536.
 - commit_granule_words: 8192.
 - virtual_space_node_default_size: 8388608.
 - enlarge_chunks_in_place: 1.
 - use_allocation_guard: 0.


Internal statistics:

num_allocs_failed_limit: 0.
num_arena_births: 2.
num_arena_deaths: 0.
num_vsnodes_births: 2.
num_vsnodes_deaths: 0.
num_space_committed: 2.
num_space_uncommitted: 0.
num_chunks_returned_to_freelist: 0.
num_chunks_taken_from_freelist: 3.
num_chunk_merges: 0.
num_chunk_splits: 2.
num_chunks_enlarged: 0.
num_inconsistent_stats: 0.

CodeHeap 'non-profiled nmethods': size=120032Kb used=0Kb max_used=0Kb free=120032Kb
 bounds [0x0000e712e02c8000, 0x0000e712e0538000, 0x0000e712e7800000]
CodeHeap 'profiled nmethods': size=120028Kb used=0Kb max_used=0Kb free=120028Kb
 bounds [0x0000e712d8800000, 0x0000e712d8a70000, 0x0000e712dfd37000]
CodeHeap 'non-nmethods': size=5700Kb used=376Kb max_used=376Kb free=5323Kb
 bounds [0x0000e712dfd37000, 0x0000e712dffa7000, 0x0000e712e02c8000]
 total_blobs=92 nmethods=0 adapters=67
 compilation: enabled
              stopped_count=0, restarted_count=0
 full_count=0

Compilation events (0 events):
No events

GC Heap History (0 events):
No events

Dll operation events (1 events):
Event: 0.001 Loaded shared library /usr/lib/jvm/java-21-openjdk-arm64/lib/libjava.so

Deoptimization events (0 events):
No events

Classes loaded (0 events):
No events

Classes unloaded (0 events):
No events

Classes redefined (0 events):
No events

Internal exceptions (0 events):
No events

ZGC Phase Switch (0 events):
No events

VM Operations (0 events):
No events

Memory protections (1 events):
Event: 0.001 Protecting memory [0x0000e712f4202000,0x0000e712f4206000] with protection modes 0

Nmethod flushes (0 events):
No events

Events (1 events):
Event: 0.008 Thread 0x0000e712f0018f90 Thread added: 0x0000e712f0018f90


Dynamic libraries:
c3000000-c6e00000 rw-p 00000000 00:00 0 
c6e00000-ffe00000 ---p 00000000 00:00 0 
ffe00000-fff0d000 rw-p 00cf0000 fc:00 263923                             /usr/lib/jvm/java-21-openjdk-arm64/lib/server/classes.jsa
fff0d000-100000000 rw-p 00000000 00:00 0 
1000000000-1000ca0000 rw-p 00010000 fc:00 263923                         /usr/lib/jvm/java-21-openjdk-arm64/lib/server/classes.jsa
1000ca0000-1001040000 ---p 00000000 00:00 0 
1001040000-1001050000 rw-p 00000000 00:00 0 
1001050000-1041000000 ---p 00000000 00:00 0 
c0f7e1c10000-c0f7e1c11000 r-xp 00000000 fc:00 263754                     /usr/lib/jvm/java-21-openjdk-arm64/bin/java
c0f7e1c2f000-c0f7e1c30000 r--p 0000f000 fc:00 263754                     /usr/lib/jvm/java-21-openjdk-arm64/bin/java
c0f7e1c30000-c0f7e1c31000 rw-p 00010000 fc:00 263754                     /usr/lib/jvm/java-21-openjdk-arm64/bin/java
c0f80b975000-c0f80b9bc000 rw-p 00000000 00:00 0                          [heap]
e712a8000000-e712a8021000 rw-p 00000000 00:00 0 
e712a8021000-e712ac000000 ---p 00000000 00:00 0 
e712ac000000-e712ac010000 rw-p 00000000 00:00 0 
e712ac010000-e712b0000000 ---p 00000000 00:00 0 
e712b0000000-e712b0021000 rw-p 00000000 00:00 0 
e712b0021000-e712b4000000 ---p 00000000 00:00 0 
e712b8000000-e712b8021000 rw-p 00000000 00:00 0 
e712b8021000-e712bc000000 ---p 00000000 00:00 0 
e712bc000000-e712bc021000 rw-p 00000000 00:00 0 
e712bc021000-e712c0000000 ---p 00000000 00:00 0 
e712c4000000-e712c4021000 rw-p 00000000 00:00 0 
e712c4021000-e712c8000000 ---p 00000000 00:00 0 
e712c8000000-e712c8021000 rw-p 00000000 00:00 0 
e712c8021000-e712cc000000 ---p 00000000 00:00 0 
e712cec00000-e712ceec0000 rw-p 00000000 00:00 0 
e712cf000000-e712cf20b000 rw-p 00000000 00:00 0 
e712cf400000-e712cf410000 ---p 00000000 00:00 0 
e712cf410000-e712cf60e000 rw-p 00000000 00:00 0 
e712cf800000-e712cf810000 ---p 00000000 00:00 0 
e712cf810000-e712cfa0e000 rw-p 00000000 00:00 0 
e712cfc00000-e712cfc10000 ---p 00000000 00:00 0 
e712cfc10000-e712cfe0e000 rw-p 00000000 00:00 0 
e712d0000000-e712d0021000 rw-p 00000000 00:00 0 
e712d0021000-e712d4000000 ---p 00000000 00:00 0 
e712d4200000-e712d4210000 ---p 00000000 00:00 0 
e712d4210000-e712d440e000 rw-p 00000000 00:00 0 
e712d44ff000-e712d6600000 rw-p 00000000 00:00 0 
e712d6600000-e712d6610000 ---p 00000000 00:00 0 
e712d6610000-e712d680e000 rw-p 00000000 00:00 0 
e712d68ff000-e712d6a00000 rw-p 00000000 00:00 0 
e712d6a00000-e712d6a10000 ---p 00000000 00:00 0 
e712d6a10000-e712d6c0e000 rw-p 00000000 00:00 0 
e712d6cff000-e712d6e00000 rw-p 00000000 00:00 0 
e712d6e00000-e712d6e10000 ---p 00000000 00:00 0 
e712d6e10000-e712d700e000 rw-p 00000000 00:00 0 
e712d70ff000-e712d72f8000 rw-p 00000000 00:00 0 
e712d72f8000-e712d8138000 ---p 00000000 00:00 0 
e712d8138000-e712d8140000 rw-p 00000000 00:00 0 
e712d822e000-e712d824d000 rw-p 00000000 00:00 0 
e712d824d000-e712d8415000 ---p 00000000 00:00 0 
e712d8415000-e712d8435000 rw-p 00000000 00:00 0 
e712d8435000-e712d85fd000 ---p 00000000 00:00 0 
e712d85fd000-e712d8800000 rw-p 00000000 00:00 0 
e712d8800000-e712d8a70000 rwxp 00000000 00:00 0 
e712d8a70000-e712dfd37000 ---p 00000000 00:00 0 
e712dfd37000-e712dffa7000 rwxp 00000000 00:00 0 
e712dffa7000-e712e02c8000 ---p 00000000 00:00 0 
e712e02c8000-e712e0538000 rwxp 00000000 00:00 0 
e712e0538000-e712e7800000 ---p 00000000 00:00 0 
e712e7800000-e712efe21000 r--s 00000000 fc:00 263920                     /usr/lib/jvm/java-21-openjdk-arm64/lib/modules
e712efe23000-e712f00ed000 rw-p 00000000 00:00 0 
e712f00ed000-e712f4000000 ---p 00000000 00:00 0 
e712f4016000-e712f411c000 rw-p 00000000 00:00 0 
e712f411c000-e712f4202000 ---p 00000000 00:00 0 
e712f4202000-e712f4206000 ---p 00000000 00:00 0 
e712f4206000-e712f4400000 rw-p 00000000 00:00 0 
e712f4400000-e712f466d000 r-xp 00000000 fc:00 132759                     /usr/lib/aarch64-linux-gnu/libstdc++.so.6.0.33
e712f466d000-e712f4675000 ---p 0026d000 fc:00 132759                     /usr/lib/aarch64-linux-gnu/libstdc++.so.6.0.33
e712f4675000-e712f4680000 r--p 00275000 fc:00 132759                     /usr/lib/aarch64-linux-gnu/libstdc++.so.6.0.33
e712f4680000-e712f4683000 rw-p 00280000 fc:00 132759                     /usr/lib/aarch64-linux-gnu/libstdc++.so.6.0.33
e712f4683000-e712f4687000 rw-p 00000000 00:00 0 
e712f46d4000-e712f471a000 rw-p 00000000 00:00 0 
e712f471a000-e712f4800000 ---p 00000000 00:00 0 
e712f4800000-e712f5b70000 r-xp 00000000 fc:00 263926                     /usr/lib/jvm/java-21-openjdk-arm64/lib/server/libjvm.so
e712f5b70000-e712f5b73000 ---p 01370000 fc:00 263926                     /usr/lib/jvm/java-21-openjdk-arm64/lib/server/libjvm.so
e712f5b73000-e712f5c50000 r--p 01373000 fc:00 263926                     /usr/lib/jvm/java-21-openjdk-arm64/lib/server/libjvm.so
e712f5c50000-e712f5c82000 rw-p 01450000 fc:00 263926                     /usr/lib/jvm/java-21-openjdk-arm64/lib/server/libjvm.so
e712f5c82000-e712f5d06000 rw-p 00000000 00:00 0 
e712f5d3f000-e712f5d60000 rw-p 00000000 00:00 0 
e712f5d60000-e712f5d82000 r-xp 00000000 fc:00 263897                     /usr/lib/jvm/java-21-openjdk-arm64/lib/libjava.so
e712f5d82000-e712f5d9f000 ---p 00022000 fc:00 263897                     /usr/lib/jvm/java-21-openjdk-arm64/lib/libjava.so
e712f5d9f000-e712f5da0000 r--p 0002f000 fc:00 263897                     /usr/lib/jvm/java-21-openjdk-arm64/lib/libjava.so
e712f5da0000-e712f5da1000 rw-p 00030000 fc:00 263897                     /usr/lib/jvm/java-21-openjdk-arm64/lib/libjava.so
e712f5da1000-e712f5da2000 rw-p 00000000 00:00 0 
e712f5db0000-e712f5db5000 r-xp 00000000 fc:00 263901                     /usr/lib/jvm/java-21-openjdk-arm64/lib/libjimage.so
e712f5db5000-e712f5dcf000 ---p 00005000 fc:00 263901                     /usr/lib/jvm/java-21-openjdk-arm64/lib/libjimage.so
e712f5dcf000-e712f5dd0000 r--p 0000f000 fc:00 263901                     /usr/lib/jvm/java-21-openjdk-arm64/lib/libjimage.so
e712f5dd0000-e712f5dd1000 rw-p 00010000 fc:00 263901                     /usr/lib/jvm/java-21-openjdk-arm64/lib/libjimage.so
e712f5de0000-e712f5dff000 r-xp 00000000 fc:00 132590                     /usr/lib/aarch64-linux-gnu/libgcc_s.so.1
e712f5dff000-e712f5e0f000 ---p 0001f000 fc:00 132590                     /usr/lib/aarch64-linux-gnu/libgcc_s.so.1
e712f5e0f000-e712f5e10000 r--p 0001f000 fc:00 132590                     /usr/lib/aarch64-linux-gnu/libgcc_s.so.1
e712f5e10000-e712f5e11000 rw-p 00020000 fc:00 132590                     /usr/lib/aarch64-linux-gnu/libgcc_s.so.1
e712f5e20000-e712f5ea5000 r-xp 00000000 fc:00 132653                     /usr/lib/aarch64-linux-gnu/libm.so.6
e712f5ea5000-e712f5ebf000 ---p 00085000 fc:00 132653                     /usr/lib/aarch64-linux-gnu/libm.so.6
e712f5ebf000-e712f5ec0000 r--p 0008f000 fc:00 132653                     /usr/lib/aarch64-linux-gnu/libm.so.6
e712f5ec0000-e712f5ec1000 rw-p 00090000 fc:00 132653                     /usr/lib/aarch64-linux-gnu/libm.so.6
e712f5ed0000-e712f606a000 r-xp 00000000 fc:00 132540                     /usr/lib/aarch64-linux-gnu/libc.so.6
e712f606a000-e712f607d000 ---p 0019a000 fc:00 132540                     /usr/lib/aarch64-linux-gnu/libc.so.6
e712f607d000-e712f6080000 r--p 0019d000 fc:00 132540                     /usr/lib/aarch64-linux-gnu/libc.so.6
e712f6080000-e712f6082000 rw-p 001a0000 fc:00 132540                     /usr/lib/aarch64-linux-gnu/libc.so.6
e712f6082000-e712f608e000 rw-p 00000000 00:00 0 
e712f6090000-e712f609f000 r-xp 00000000 fc:00 263902                     /usr/lib/jvm/java-21-openjdk-arm64/lib/libjli.so
e712f609f000-e712f60af000 ---p 0000f000 fc:00 263902                     /usr/lib/jvm/java-21-openjdk-arm64/lib/libjli.so
e712f60af000-e712f60b0000 r--p 0000f000 fc:00 263902                     /usr/lib/jvm/java-21-openjdk-arm64/lib/libjli.so
e712f60b0000-e712f60b1000 rw-p 00010000 fc:00 263902                     /usr/lib/jvm/java-21-openjdk-arm64/lib/libjli.so
e712f60b4000-e712f60b9000 rw-p 00000000 00:00 0 
e712f60b9000-e712f60c0000 ---p 00000000 00:00 0 
e712f60c0000-e712f60da000 r-xp 00000000 fc:00 132804                     /usr/lib/aarch64-linux-gnu/libz.so.1.3
e712f60da000-e712f60ef000 ---p 0001a000 fc:00 132804                     /usr/lib/aarch64-linux-gnu/libz.so.1.3
e712f60ef000-e712f60f0000 r--p 0001f000 fc:00 132804                     /usr/lib/aarch64-linux-gnu/libz.so.1.3
e712f60f0000-e712f60f1000 rw-p 00020000 fc:00 132804                     /usr/lib/aarch64-linux-gnu/libz.so.1.3
e712f60f2000-e712f6119000 r-xp 00000000 fc:00 132427                     /usr/lib/aarch64-linux-gnu/ld-linux-aarch64.so.1
e712f6119000-e712f611b000 rw-p 00000000 00:00 0 
e712f6120000-e712f6128000 rw-s 00000000 fc:00 1179707                    /tmp/hsperfdata_pantelis/5556
e712f6128000-e712f6129000 ---p 00000000 00:00 0 
e712f6129000-e712f612a000 r--p 00000000 00:00 0 
e712f612a000-e712f612b000 ---p 00000000 00:00 0 
e712f612b000-e712f612d000 rw-p 00000000 00:00 0 
e712f612d000-e712f612f000 r--p 00000000 00:00 0                          [vvar]
e712f612f000-e712f6130000 r-xp 00000000 00:00 0                          [vdso]
e712f6130000-e712f6132000 r--p 0002e000 fc:00 132427                     /usr/lib/aarch64-linux-gnu/ld-linux-aarch64.so.1
e712f6132000-e712f6134000 rw-p 00030000 fc:00 132427                     /usr/lib/aarch64-linux-gnu/ld-linux-aarch64.so.1
fffff5f88000-fffff5fa9000 rw-p 00000000 00:00 0                          [stack]
Total number of mappings: 125


VM Arguments:
java_command: <unknown>
java_class_path (initial): <not set>
Launcher Type: SUN_STANDARD

[Global flags]
     intx CICompilerCount                          = 3                                         {product} {ergonomic}
     uint ConcGCThreads                            = 1                                         {product} {ergonomic}
     uint G1ConcRefinementThreads                  = 4                                         {product} {ergonomic}
   size_t G1HeapRegionSize                         = 1048576                                   {product} {ergonomic}
    uintx GCDrainStackTargetSize                   = 64                                        {product} {ergonomic}
   size_t InitialHeapSize                          = 65011712                                  {product} {ergonomic}
   size_t MarkStackSize                            = 4194304                                   {product} {ergonomic}
   size_t MaxHeapSize                              = 1023410176                                {product} {ergonomic}
   size_t MaxNewSize                               = 613416960                                 {product} {ergonomic}
   size_t MinHeapDeltaBytes                        = 1048576                                   {product} {ergonomic}
   size_t MinHeapSize                              = 8388608                                   {product} {ergonomic}
    uintx NonNMethodCodeHeapSize                   = 5832908                                {pd product} {ergonomic}
    uintx NonProfiledCodeHeapSize                  = 122912666                              {pd product} {ergonomic}
    uintx ProfiledCodeHeapSize                     = 122912666                              {pd product} {ergonomic}
    uintx ReservedCodeCacheSize                    = 251658240                              {pd product} {ergonomic}
     bool SegmentedCodeCache                       = true                                      {product} {ergonomic}
   size_t SoftMaxHeapSize                          = 1023410176                             {manageable} {ergonomic}
     bool UseCompressedOops                        = true                           {product lp64_product} {ergonomic}
     bool UseG1GC                                  = true                                      {product} {ergonomic}

Logging:
Log output configuration:
 #0: stdout all=warning uptime,level,tags foldmultilines=false
 #1: stderr all=off uptime,level,tags foldmultilines=false

Environment Variables:
PATH=/usr/local/sbin:/usr/local/bin:/usr/sbin:/usr/bin:/sbin:/bin:/usr/games:/usr/local/games:/snap/bin:/snap/bin
USERNAME=pantelis
SHELL=/bin/bash
DISPLAY=:0
LANG=en_US.UTF-8
TERM=xterm-256color

Active Locale:
LC_ALL=C
LC_COLLATE=C
LC_CTYPE=C
LC_MESSAGES=C
LC_MONETARY=C
LC_NUMERIC=C
LC_TIME=C

Signal Handlers:
   SIGSEGV: crash_handler in libjvm.so, mask=11100100010111111101111111111110, flags=SA_RESTART|SA_SIGINFO, unblocked
    SIGBUS: crash_handler in libjvm.so, mask=11100100010111111101111111111110, flags=SA_RESTART|SA_SIGINFO, unblocked
    SIGFPE: crash_handler in libjvm.so, mask=11100100010111111101111111111110, flags=SA_RESTART|SA_SIGINFO, unblocked
   SIGPIPE: javaSignalHandler in libjvm.so, mask=11100100010111111101111111111110, flags=SA_RESTART|SA_SIGINFO, blocked
   SIGXFSZ: javaSignalHandler in libjvm.so, mask=11100100010111111101111111111110, flags=SA_RESTART|SA_SIGINFO, blocked
    SIGILL: crash_handler in libjvm.so, mask=11100100010111111101111111111110, flags=SA_RESTART|SA_SIGINFO, unblocked
   SIGUSR2: SR_handler in libjvm.so, mask=00000000000000000000000000000000, flags=SA_RESTART|SA_SIGINFO, blocked
    SIGHUP: SIG_DFL, mask=00000000000000000000000000000000, flags=none, blocked
    SIGINT: SIG_DFL, mask=00000000000000000000000000000000, flags=none, blocked
   SIGTERM: SIG_DFL, mask=00000000000000000000000000000000, flags=none, blocked
   SIGQUIT: UserHandler in libjvm.so, mask=11100100010111111101111111111110, flags=SA_RESTART|SA_SIGINFO, blocked
   SIGTRAP: crash_handler in libjvm.so, mask=11100100010111111101111111111110, flags=SA_RESTART|SA_SIGINFO, unblocked


Periodic native trim disabled

---------------  S Y S T E M  ---------------

OS:
DISTRIB_ID=Ubuntu
DISTRIB_RELEASE=24.04
DISTRIB_CODENAME=noble
DISTRIB_DESCRIPTION="Ubuntu 24.04.2 LTS"
uname: Linux 6.8.0-57-generic #59-Ubuntu SMP PREEMPT_DYNAMIC Sat Mar 15 17:00:30 UTC 2025 aarch64
OS uptime: 0 days 1:15 hours
libc: glibc 2.39 NPTL 2.39 
rlimit (soft/hard): STACK 8192k/infinity , CORE 0k/infinity , NPROC 15141/15141 , NOFILE 1048576/1048576 , AS infinity/infinity , CPU infinity/infinity , DATA infinity/infinity , FSIZE infinity/infinity , MEMLOCK 499524k/499524k
load average: 1.84 1.48 1.02

/proc/meminfo:
MemTotal:        3996204 kB
MemFree:          119132 kB
MemAvailable:     992076 kB
Buffers:           27764 kB
Cached:          1171244 kB
SwapCached:          136 kB
Active:          1474464 kB
Inactive:        1960056 kB
Active(anon):    1204572 kB
Inactive(anon):  1279152 kB
Active(file):     269892 kB
Inactive(file):   680904 kB
Unevictable:       99132 kB
Mlocked:           26316 kB
SwapTotal:       3995644 kB
SwapFree:        3965000 kB
Zswap:                 0 kB
Zswapped:              0 kB
Dirty:             75184 kB
Writeback:             0 kB
AnonPages:       2334752 kB
Mapped:           565332 kB
Shmem:            240576 kB
KReclaimable:      99236 kB
Slab:             229632 kB
SReclaimable:      99236 kB
SUnreclaim:       130396 kB
KernelStack:       14920 kB
ShadowCallStack:    3744 kB
PageTables:        36716 kB
SecPageTables:         0 kB
NFS_Unstable:          0 kB
Bounce:                0 kB
WritebackTmp:          0 kB
CommitLimit:     5993744 kB
Committed_AS:    8491016 kB
VmallocTotal:   133141626880 kB
VmallocUsed:       36192 kB
VmallocChunk:          0 kB
Percpu:             2784 kB
HardwareCorrupted:     0 kB
AnonHugePages:         0 kB
ShmemHugePages:        0 kB
ShmemPmdMapped:        0 kB
FileHugePages:         0 kB
FilePmdMapped:         0 kB
CmaTotal:          32768 kB
CmaFree:             164 kB
HugePages_Total:       0
HugePages_Free:        0
HugePages_Rsvd:        0
HugePages_Surp:        0
Hugepagesize:       2048 kB
Hugetlb:               0 kB

/sys/kernel/mm/transparent_hugepage/enabled: always [madvise] never
/sys/kernel/mm/transparent_hugepage/hpage_pmd_size: 2097152
/sys/kernel/mm/transparent_hugepage/defrag (defrag/compaction efforts parameter): always defer defer+madvise [madvise] never

Process Memory:
Virtual Size: 3150840K (peak: 3150904K)
Resident Set Size: 38176K (peak: 38176K) (anon: 19840K, file: 18336K, shmem: 0K)
Swapped out: 0K
C-Heap outstanding allocations: 15337K, retained: 1106K
glibc malloc tunables: (default)

/proc/sys/kernel/threads-max (system-wide limit on the number of threads): 30283
/proc/sys/vm/max_map_count (maximum number of memory map areas a process may have): 1048576
/proc/sys/vm/swappiness (control to define how aggressively the kernel swaps out anonymous memory): 60
/proc/sys/kernel/pid_max (system-wide limit on number of process identifiers): 4194304

container (cgroup) information:
container_type: cgroupv2
cpu_cpuset_cpus: not supported
cpu_memory_nodes: not supported
active_processor_count: 4
cpu_quota: not supported
cpu_period: not supported
cpu_shares: not supported
memory_limit_in_bytes: unlimited
memory_and_swap_limit_in_bytes: unlimited
memory_soft_limit_in_bytes: unlimited
memory_usage_in_bytes: 450484 k
memory_max_usage_in_bytes: not supported
memory_swap_current_in_bytes: unlimited
memory_swap_max_limit_in_bytes: unlimited
maximum number of tasks: 4542
current number of tasks: 10

Steal ticks since vm start: 0
Steal ticks percentage since vm start:  0.000

CPU: total 4 (initial active 4) 0x61:0x0:0x000:0, fp, asimd, evtstrm, aes, pmull, sha1, sha256, crc32, lse, dcpop, sha3, sha512, paca, sve2
/proc/cpuinfo:
processor	: 0
BogoMIPS	: 48.00
Features	: fp asimd evtstrm aes pmull sha1 sha2 crc32 atomics fphp asimdhp cpuid asimdrdm jscvt fcma lrcpc dcpop sha3 asimddp sha512 asimdfhm dit uscat ilrcpc flagm sb paca pacg dcpodp sve2 flagm2 frint svei8mm svebf16 bf16 afp smei16i64 smef64f64 smei8i32 smef16f32 smeb16f32 smef32f32 sme2 smei16i32 smebi32i32
CPU implementer	: 0x61
CPU architecture: 8
CPU variant	: 0x0
CPU part	: 0x000
CPU revision	: 0

processor	: 1
BogoMIPS	: 48.00
Features	: fp asimd evtstrm aes pmull sha1 sha2 crc32 atomics fphp asimdhp cpuid asimdrdm jscvt fcma lrcpc dcpop sha3 asimddp sha512 asimdfhm dit uscat ilrcpc flagm sb paca pacg dcpodp sve2 flagm2 frint svei8mm svebf16 bf16 afp smei16i64 smef64f64 smei8i32 smef16f32 smeb16f32 smef32f32 sme2 smei16i32 smebi32i32
CPU implementer	: 0x61
CPU architecture: 8
CPU variant	: 0x0
CPU part	: 0x000
CPU revision	: 0

processor	: 2
BogoMIPS	: 48.00
Features	: fp asimd evtstrm aes pmull sha1 sha2 crc32 atomics fphp asimdhp cpuid asimdrdm jscvt fcma lrcpc dcpop sha3 asimddp sha512 asimdfhm dit uscat ilrcpc flagm sb paca pacg dcpodp sve2 flagm2 frint svei8mm svebf16 bf16 afp smei16i64 smef64f64 smei8i32 smef16f32 smeb16f32 smef32f32 sme2 smei16i32 smebi32i32
CPU implementer	: 0x61
CPU architecture: 8
CPU variant	: 0x0
CPU part	: 0x000
CPU revision	: 0

processor	: 3
BogoMIPS	: 48.00
Features	: fp asimd evtstrm aes pmull sha1 sha2 crc32 atomics fphp asimdhp cpuid asimdrdm jscvt fcma lrcpc dcpop sha3 asimddp sha512 asimdfhm dit uscat ilrcpc flagm sb paca pacg dcpodp sve2 flagm2 frint svei8mm svebf16 bf16 afp smei16i64 smef64f64 smei8i32 smef16f32 smeb16f32 smef32f32 sme2 smei16i32 smebi32i32
CPU implementer	: 0x61
CPU architecture: 8
CPU variant	: 0x0
CPU part	: 0x000
CPU revision	: 0


Online cpus: 0-3
Offline cpus: 

Memory: 4k page, physical 3996204k(992076k free), swap 3995644k(3965000k free)
Page Sizes: 4k

vm_info: OpenJDK 64-Bit Server VM (21.0.6+7-Ubuntu-124.04.1) for linux-aarch64 JRE (21.0.6+7-Ubuntu-124.04.1), built on 2025-01-23T22:52:35Z by "buildd" with gcc 13.3.0

END.
